0 verbose cli E:\softwares\Nodejs\node.exe E:\softwares\Nodejs\node_modules\npm\bin\npm-cli.js
1 info using npm@11.6.2
2 info using node@v24.13.0
3 silly config load:file:E:\softwares\Nodejs\node_modules\npm\npmrc
4 silly config load:file:E:\Projects\Portofolio\Game Portfolio of Flamberge\.npmrc
5 silly config load:file:C:\Users\22853\.npmrc
6 silly config load:file:C:\Users\22853\AppData\Roaming\npm\etc\npmrc
7 verbose title npm install
8 verbose argv "install" "--cache" ".\\.npm-cache"
9 verbose logfile logs-max:10 dir:E:\Projects\Portofolio\Game Portfolio of Flamberge\.npm-cache\_logs\2026-06-13T15_37_24_476Z-
10 verbose logfile E:\Projects\Portofolio\Game Portfolio of Flamberge\.npm-cache\_logs\2026-06-13T15_37_24_476Z-debug-0.log
11 silly logfile done cleaning log files
12 silly packumentCache heap:4496293888 maxSize:1124073472 maxEntrySize:562036736
13 silly idealTree buildDeps
14 silly fetch manifest @tailwindcss/oxide-android-arm64@4.1.12
15 silly packumentCache full:https://registry.npmjs.org/@tailwindcss%2foxide-android-arm64 cache-miss
16 http cache https://registry.npmjs.org/@tailwindcss%2foxide-android-arm64 14ms (cache hit)
17 silly packumentCache full:https://registry.npmjs.org/@tailwindcss%2foxide-android-arm64 set size:2022907 disposed:false
18 silly fetch manifest @tailwindcss/oxide-freebsd-x64@4.1.12
19 silly packumentCache full:https://registry.npmjs.org/@tailwindcss%2foxide-freebsd-x64 cache-miss
20 http cache https://registry.npmjs.org/@tailwindcss%2foxide-freebsd-x64 8ms (cache hit)
21 silly packumentCache full:https://registry.npmjs.org/@tailwindcss%2foxide-freebsd-x64 set size:2861947 disposed:false
22 silly fetch manifest @tailwindcss/oxide-darwin-arm64@4.1.12
23 silly packumentCache full:https://registry.npmjs.org/@tailwindcss%2foxide-darwin-arm64 cache-miss
24 http cache https://registry.npmjs.org/@tailwindcss%2foxide-darwin-arm64 9ms (cache hit)
25 silly packumentCache full:https://registry.npmjs.org/@tailwindcss%2foxide-darwin-arm64 set size:2882454 disposed:false
26 silly fetch manifest @tailwindcss/oxide-linux-arm-gnueabihf@4.1.12
27 silly packumentCache full:https://registry.npmjs.org/@tailwindcss%2foxide-linux-arm-gnueabihf cache-miss
28 http cache https://registry.npmjs.org/@tailwindcss%2foxide-linux-arm-gnueabihf 10ms (cache hit)
29 silly packumentCache full:https://registry.npmjs.org/@tailwindcss%2foxide-linux-arm-gnueabihf set size:2957564 disposed:false
30 silly fetch manifest @tailwindcss/oxide-darwin-x64@4.1.12
31 silly packumentCache full:https://registry.npmjs.org/@tailwindcss%2foxide-darwin-x64 cache-miss
32 http cache https://registry.npmjs.org/@tailwindcss%2foxide-darwin-x64 8ms (cache hit)
33 silly packumentCache full:https://registry.npmjs.org/@tailwindcss%2foxide-darwin-x64 set size:2847426 disposed:false
34 silly fetch manifest @tailwindcss/oxide-linux-arm64-gnu@4.1.12
35 silly packumentCache full:https://registry.npmjs.org/@tailwindcss%2foxide-linux-arm64-gnu cache-miss
36 http cache https://registry.npmjs.org/@tailwindcss%2foxide-linux-arm64-gnu 9ms (cache hit)
37 silly packumentCache full:https://registry.npmjs.org/@tailwindcss%2foxide-linux-arm64-gnu set size:2932321 disposed:false
38 silly fetch manifest @tailwindcss/oxide-linux-x64-gnu@4.1.12
39 silly packumentCache full:https://registry.npmjs.org/@tailwindcss%2foxide-linux-x64-gnu cache-miss
40 http cache https://registry.npmjs.org/@tailwindcss%2foxide-linux-x64-gnu 9ms (cache hit)
41 silly packumentCache full:https://registry.npmjs.org/@tailwindcss%2foxide-linux-x64-gnu set size:2906208 disposed:false
42 silly fetch manifest @tailwindcss/oxide-linux-arm64-musl@4.1.12
43 silly packumentCache full:https://registry.npmjs.org/@tailwindcss%2foxide-linux-arm64-musl cache-miss
44 http cache https://registry.npmjs.org/@tailwindcss%2foxide-linux-arm64-musl 11ms (cache hit)
45 silly packumentCache full:https://registry.npmjs.org/@tailwindcss%2foxide-linux-arm64-musl set size:2943372 disposed:false
46 silly fetch manifest @tailwindcss/oxide-linux-x64-musl@4.1.12
47 silly packumentCache full:https://registry.npmjs.org/@tailwindcss%2foxide-linux-x64-musl cache-miss
48 http cache https://registry.npmjs.org/@tailwindcss%2foxide-linux-x64-musl 9ms (cache hit)
49 silly packumentCache full:https://registry.npmjs.org/@tailwindcss%2foxide-linux-x64-musl set size:2914993 disposed:false
50 silly fetch manifest @tailwindcss/oxide-wasm32-wasi@4.1.12
51 silly packumentCache full:https://registry.npmjs.org/@tailwindcss%2foxide-wasm32-wasi cache-miss
52 http cache https://registry.npmjs.org/@tailwindcss%2foxide-wasm32-wasi 7ms (cache hit)
53 silly packumentCache full:https://registry.npmjs.org/@tailwindcss%2foxide-wasm32-wasi set size:1440487 disposed:false
54 silly fetch manifest @tailwindcss/oxide-win32-arm64-msvc@4.1.12
55 silly packumentCache full:https://registry.npmjs.org/@tailwindcss%2foxide-win32-arm64-msvc cache-miss
56 http cache https://registry.npmjs.org/@tailwindcss%2foxide-win32-arm64-msvc 7ms (cache hit)
57 silly packumentCache full:https://registry.npmjs.org/@tailwindcss%2foxide-win32-arm64-msvc set size:1998618 disposed:false
58 silly placeDep ROOT @tailwindcss/oxide-android-arm64@4.1.12 OK for: @tailwindcss/oxide@4.1.12 want: 4.1.12
59 silly placeDep ROOT @tailwindcss/oxide-darwin-arm64@4.1.12 OK for: @tailwindcss/oxide@4.1.12 want: 4.1.12
60 silly placeDep ROOT @tailwindcss/oxide-darwin-x64@4.1.12 OK for: @tailwindcss/oxide@4.1.12 want: 4.1.12
61 silly placeDep ROOT @tailwindcss/oxide-freebsd-x64@4.1.12 OK for: @tailwindcss/oxide@4.1.12 want: 4.1.12
62 silly placeDep ROOT @tailwindcss/oxide-linux-arm-gnueabihf@4.1.12 OK for: @tailwindcss/oxide@4.1.12 want: 4.1.12
63 silly placeDep ROOT @tailwindcss/oxide-linux-arm64-gnu@4.1.12 OK for: @tailwindcss/oxide@4.1.12 want: 4.1.12
64 silly placeDep ROOT @tailwindcss/oxide-linux-arm64-musl@4.1.12 OK for: @tailwindcss/oxide@4.1.12 want: 4.1.12
65 silly placeDep ROOT @tailwindcss/oxide-linux-x64-gnu@4.1.12 OK for: @tailwindcss/oxide@4.1.12 want: 4.1.12
66 silly placeDep ROOT @tailwindcss/oxide-linux-x64-musl@4.1.12 OK for: @tailwindcss/oxide@4.1.12 want: 4.1.12
67 silly placeDep ROOT @tailwindcss/oxide-wasm32-wasi@4.1.12 OK for: @tailwindcss/oxide@4.1.12 want: 4.1.12
68 silly placeDep ROOT @tailwindcss/oxide-win32-arm64-msvc@4.1.12 OK for: @tailwindcss/oxide@4.1.12 want: 4.1.12
69 silly fetch manifest @esbuild/aix-ppc64@0.25.12
70 silly packumentCache full:https://registry.npmjs.org/@esbuild%2faix-ppc64 cache-miss
71 http cache https://registry.npmjs.org/@esbuild%2faix-ppc64 5ms (cache hit)
72 silly packumentCache full:https://registry.npmjs.org/@esbuild%2faix-ppc64 set size:65972 disposed:false
73 silly fetch manifest @esbuild/android-arm@0.25.12
74 silly packumentCache full:https://registry.npmjs.org/@esbuild%2fandroid-arm cache-miss
75 http cache https://registry.npmjs.org/@esbuild%2fandroid-arm 4ms (cache hit)
76 silly packumentCache full:https://registry.npmjs.org/@esbuild%2fandroid-arm set size:223400 disposed:false
77 silly fetch manifest @esbuild/android-arm64@0.25.12
78 silly packumentCache full:https://registry.npmjs.org/@esbuild%2fandroid-arm64 cache-miss
79 http cache https://registry.npmjs.org/@esbuild%2fandroid-arm64 5ms (cache hit)
80 silly packumentCache full:https://registry.npmjs.org/@esbuild%2fandroid-arm64 set size:202366 disposed:false
81 silly fetch manifest @esbuild/android-x64@0.25.12
82 silly packumentCache full:https://registry.npmjs.org/@esbuild%2fandroid-x64 cache-miss
83 http cache https://registry.npmjs.org/@esbuild%2fandroid-x64 4ms (cache hit)
84 silly packumentCache full:https://registry.npmjs.org/@esbuild%2fandroid-x64 set size:197200 disposed:false
85 silly fetch manifest @esbuild/darwin-arm64@0.25.12
86 silly packumentCache full:https://registry.npmjs.org/@esbuild%2fdarwin-arm64 cache-miss
87 http cache https://registry.npmjs.org/@esbuild%2fdarwin-arm64 4ms (cache hit)
88 silly packumentCache full:https://registry.npmjs.org/@esbuild%2fdarwin-arm64 set size:199630 disposed:false
89 silly fetch manifest @esbuild/darwin-x64@0.25.12
90 silly packumentCache full:https://registry.npmjs.org/@esbuild%2fdarwin-x64 cache-miss
91 http cache https://registry.npmjs.org/@esbuild%2fdarwin-x64 4ms (cache hit)
92 silly packumentCache full:https://registry.npmjs.org/@esbuild%2fdarwin-x64 set size:197848 disposed:false
93 silly fetch manifest @esbuild/freebsd-arm64@0.25.12
94 silly packumentCache full:https://registry.npmjs.org/@esbuild%2ffreebsd-arm64 cache-miss
95 http cache https://registry.npmjs.org/@esbuild%2ffreebsd-arm64 5ms (cache hit)
96 silly packumentCache full:https://registry.npmjs.org/@esbuild%2ffreebsd-arm64 set size:200534 disposed:false
97 silly fetch manifest @esbuild/freebsd-x64@0.25.12
98 silly packumentCache full:https://registry.npmjs.org/@esbuild%2ffreebsd-x64 cache-miss
99 http cache https://registry.npmjs.org/@esbuild%2ffreebsd-x64 4ms (cache hit)
100 silly packumentCache full:https://registry.npmjs.org/@esbuild%2ffreebsd-x64 set size:198734 disposed:false
101 silly fetch manifest @esbuild/linux-arm@0.25.12
102 silly packumentCache full:https://registry.npmjs.org/@esbuild%2flinux-arm cache-miss
103 http cache https://registry.npmjs.org/@esbuild%2flinux-arm 4ms (cache hit)
104 silly packumentCache full:https://registry.npmjs.org/@esbuild%2flinux-arm set size:196784 disposed:false
105 silly fetch manifest @esbuild/linux-arm64@0.25.12
106 silly packumentCache full:https://registry.npmjs.org/@esbuild%2flinux-arm64 cache-miss
107 http cache https://registry.npmjs.org/@esbuild%2flinux-arm64 4ms (cache hit)
108 silly packumentCache full:https://registry.npmjs.org/@esbuild%2flinux-arm64 set size:198939 disposed:false
109 silly fetch manifest @esbuild/linux-ia32@0.25.12
110 silly packumentCache full:https://registry.npmjs.org/@esbuild%2flinux-ia32 cache-miss
111 http cache https://registry.npmjs.org/@esbuild%2flinux-ia32 4ms (cache hit)
112 silly packumentCache full:https://registry.npmjs.org/@esbuild%2flinux-ia32 set size:197805 disposed:false
113 silly fetch manifest @esbuild/linux-loong64@0.25.12
114 silly packumentCache full:https://registry.npmjs.org/@esbuild%2flinux-loong64 cache-miss
115 http cache https://registry.npmjs.org/@esbuild%2flinux-loong64 5ms (cache hit)
116 silly packumentCache full:https://registry.npmjs.org/@esbuild%2flinux-loong64 set size:253896 disposed:false
117 silly fetch manifest @esbuild/linux-mips64el@0.25.12
118 silly packumentCache full:https://registry.npmjs.org/@esbuild%2flinux-mips64el cache-miss
119 http cache https://registry.npmjs.org/@esbuild%2flinux-mips64el 4ms (cache hit)
120 silly packumentCache full:https://registry.npmjs.org/@esbuild%2flinux-mips64el set size:202764 disposed:false
121 silly fetch manifest @esbuild/linux-ppc64@0.25.12
122 silly packumentCache full:https://registry.npmjs.org/@esbuild%2flinux-ppc64 cache-miss
123 http cache https://registry.npmjs.org/@esbuild%2flinux-ppc64 4ms (cache hit)
124 silly packumentCache full:https://registry.npmjs.org/@esbuild%2flinux-ppc64 set size:200994 disposed:false
125 silly fetch manifest @esbuild/linux-riscv64@0.25.12
126 silly packumentCache full:https://registry.npmjs.org/@esbuild%2flinux-riscv64 cache-miss
127 http cache https://registry.npmjs.org/@esbuild%2flinux-riscv64 4ms (cache hit)
128 silly packumentCache full:https://registry.npmjs.org/@esbuild%2flinux-riscv64 set size:200662 disposed:false
129 silly fetch manifest @esbuild/linux-s390x@0.25.12
130 silly packumentCache full:https://registry.npmjs.org/@esbuild%2flinux-s390x cache-miss
131 http cache https://registry.npmjs.org/@esbuild%2flinux-s390x 4ms (cache hit)
132 silly packumentCache full:https://registry.npmjs.org/@esbuild%2flinux-s390x set size:200463 disposed:false
133 silly fetch manifest @esbuild/linux-x64@0.25.12
134 silly packumentCache full:https://registry.npmjs.org/@esbuild%2flinux-x64 cache-miss
135 http cache https://registry.npmjs.org/@esbuild%2flinux-x64 6ms (cache hit)
136 silly packumentCache full:https://registry.npmjs.org/@esbuild%2flinux-x64 set size:197126 disposed:false
137 silly fetch manifest @esbuild/netbsd-arm64@0.25.12
138 silly packumentCache full:https://registry.npmjs.org/@esbuild%2fnetbsd-arm64 cache-miss
139 http cache https://registry.npmjs.org/@esbuild%2fnetbsd-arm64 3ms (cache hit)
140 silly packumentCache full:https://registry.npmjs.org/@esbuild%2fnetbsd-arm64 set size:42467 disposed:false
141 silly fetch manifest @esbuild/netbsd-x64@0.25.12
142 silly packumentCache full:https://registry.npmjs.org/@esbuild%2fnetbsd-x64 cache-miss
143 http cache https://registry.npmjs.org/@esbuild%2fnetbsd-x64 3ms (cache hit)
144 silly packumentCache full:https://registry.npmjs.org/@esbuild%2fnetbsd-x64 set size:195514 disposed:false
145 silly fetch manifest @esbuild/openbsd-arm64@0.25.12
146 silly packumentCache full:https://registry.npmjs.org/@esbuild%2fopenbsd-arm64 cache-miss
147 http cache https://registry.npmjs.org/@esbuild%2fopenbsd-arm64 4ms (cache hit)
148 silly packumentCache full:https://registry.npmjs.org/@esbuild%2fopenbsd-arm64 set size:47792 disposed:false
149 silly fetch manifest @esbuild/openbsd-x64@0.25.12
150 silly packumentCache full:https://registry.npmjs.org/@esbuild%2fopenbsd-x64 cache-miss
151 http cache https://registry.npmjs.org/@esbuild%2fopenbsd-x64 3ms (cache hit)
152 silly packumentCache full:https://registry.npmjs.org/@esbuild%2fopenbsd-x64 set size:198745 disposed:false
153 silly fetch manifest @esbuild/openharmony-arm64@0.25.12
154 silly packumentCache full:https://registry.npmjs.org/@esbuild%2fopenharmony-arm64 cache-miss
155 http cache https://registry.npmjs.org/@esbuild%2fopenharmony-arm64 3ms (cache hit)
156 silly packumentCache full:https://registry.npmjs.org/@esbuild%2fopenharmony-arm64 set size:31189 disposed:false
157 silly fetch manifest @esbuild/sunos-x64@0.25.12
158 silly packumentCache full:https://registry.npmjs.org/@esbuild%2fsunos-x64 cache-miss
159 http cache https://registry.npmjs.org/@esbuild%2fsunos-x64 3ms (cache hit)
160 silly packumentCache full:https://registry.npmjs.org/@esbuild%2fsunos-x64 set size:197370 disposed:false
161 silly fetch manifest @esbuild/win32-arm64@0.25.12
162 silly packumentCache full:https://registry.npmjs.org/@esbuild%2fwin32-arm64 cache-miss
163 http cache https://registry.npmjs.org/@esbuild%2fwin32-arm64 3ms (cache hit)
164 silly packumentCache full:https://registry.npmjs.org/@esbuild%2fwin32-arm64 set size:199171 disposed:false
165 silly fetch manifest @esbuild/win32-ia32@0.25.12
166 silly packumentCache full:https://registry.npmjs.org/@esbuild%2fwin32-ia32 cache-miss
167 http cache https://registry.npmjs.org/@esbuild%2fwin32-ia32 3ms (cache hit)
168 silly packumentCache full:https://registry.npmjs.org/@esbuild%2fwin32-ia32 set size:198030 disposed:false
169 silly placeDep ROOT @esbuild/aix-ppc64@0.25.12 OK for: esbuild@0.25.12 want: 0.25.12
170 silly placeDep ROOT @esbuild/android-arm@0.25.12 OK for: esbuild@0.25.12 want: 0.25.12
171 silly placeDep ROOT @esbuild/android-arm64@0.25.12 OK for: esbuild@0.25.12 want: 0.25.12
172 silly placeDep ROOT @esbuild/android-x64@0.25.12 OK for: esbuild@0.25.12 want: 0.25.12
173 silly placeDep ROOT @esbuild/darwin-arm64@0.25.12 OK for: esbuild@0.25.12 want: 0.25.12
174 silly placeDep ROOT @esbuild/darwin-x64@0.25.12 OK for: esbuild@0.25.12 want: 0.25.12
175 silly placeDep ROOT @esbuild/freebsd-arm64@0.25.12 OK for: esbuild@0.25.12 want: 0.25.12
176 silly placeDep ROOT @esbuild/freebsd-x64@0.25.12 OK for: esbuild@0.25.12 want: 0.25.12
177 silly placeDep ROOT @esbuild/linux-arm@0.25.12 OK for: esbuild@0.25.12 want: 0.25.12
178 silly placeDep ROOT @esbuild/linux-arm64@0.25.12 OK for: esbuild@0.25.12 want: 0.25.12
179 silly placeDep ROOT @esbuild/linux-ia32@0.25.12 OK for: esbuild@0.25.12 want: 0.25.12
180 silly placeDep ROOT @esbuild/linux-loong64@0.25.12 OK for: esbuild@0.25.12 want: 0.25.12
181 silly placeDep ROOT @esbuild/linux-mips64el@0.25.12 OK for: esbuild@0.25.12 want: 0.25.12
182 silly placeDep ROOT @esbuild/linux-ppc64@0.25.12 OK for: esbuild@0.25.12 want: 0.25.12
183 silly placeDep ROOT @esbuild/linux-riscv64@0.25.12 OK for: esbuild@0.25.12 want: 0.25.12
184 silly placeDep ROOT @esbuild/linux-s390x@0.25.12 OK for: esbuild@0.25.12 want: 0.25.12
185 silly placeDep ROOT @esbuild/linux-x64@0.25.12 OK for: esbuild@0.25.12 want: 0.25.12
186 silly placeDep ROOT @esbuild/netbsd-arm64@0.25.12 OK for: esbuild@0.25.12 want: 0.25.12
187 silly placeDep ROOT @esbuild/netbsd-x64@0.25.12 OK for: esbuild@0.25.12 want: 0.25.12
188 silly placeDep ROOT @esbuild/openbsd-arm64@0.25.12 OK for: esbuild@0.25.12 want: 0.25.12
189 silly placeDep ROOT @esbuild/openbsd-x64@0.25.12 OK for: esbuild@0.25.12 want: 0.25.12
190 silly placeDep ROOT @esbuild/openharmony-arm64@0.25.12 OK for: esbuild@0.25.12 want: 0.25.12
191 silly placeDep ROOT @esbuild/sunos-x64@0.25.12 OK for: esbuild@0.25.12 want: 0.25.12
192 silly placeDep ROOT @esbuild/win32-arm64@0.25.12 OK for: esbuild@0.25.12 want: 0.25.12
193 silly placeDep ROOT @esbuild/win32-ia32@0.25.12 OK for: esbuild@0.25.12 want: 0.25.12
194 silly fetch manifest lightningcss-darwin-x64@1.30.1
195 silly packumentCache full:https://registry.npmjs.org/lightningcss-darwin-x64 cache-miss
196 http cache https://registry.npmjs.org/lightningcss-darwin-x64 4ms (cache hit)
197 silly packumentCache full:https://registry.npmjs.org/lightningcss-darwin-x64 set size:78694 disposed:false
198 silly fetch manifest lightningcss-linux-x64-gnu@1.30.1
199 silly packumentCache full:https://registry.npmjs.org/lightningcss-linux-x64-gnu cache-miss
200 http cache https://registry.npmjs.org/lightningcss-linux-x64-gnu 3ms (cache hit)
201 silly packumentCache full:https://registry.npmjs.org/lightningcss-linux-x64-gnu set size:80105 disposed:false
202 silly fetch manifest lightningcss-win32-arm64-msvc@1.30.1
203 silly packumentCache full:https://registry.npmjs.org/lightningcss-win32-arm64-msvc cache-miss
204 http cache https://registry.npmjs.org/lightningcss-win32-arm64-msvc 3ms (cache hit)
205 silly packumentCache full:https://registry.npmjs.org/lightningcss-win32-arm64-msvc set size:26629 disposed:false
206 silly fetch manifest lightningcss-darwin-arm64@1.30.1
207 silly packumentCache full:https://registry.npmjs.org/lightningcss-darwin-arm64 cache-miss
208 http cache https://registry.npmjs.org/lightningcss-darwin-arm64 3ms (cache hit)
209 silly packumentCache full:https://registry.npmjs.org/lightningcss-darwin-arm64 set size:79276 disposed:false
210 silly fetch manifest lightningcss-linux-arm64-gnu@1.30.1
211 silly packumentCache full:https://registry.npmjs.org/lightningcss-linux-arm64-gnu cache-miss
212 http cache https://registry.npmjs.org/lightningcss-linux-arm64-gnu 3ms (cache hit)
213 silly packumentCache full:https://registry.npmjs.org/lightningcss-linux-arm64-gnu set size:80669 disposed:false
214 silly fetch manifest lightningcss-linux-arm-gnueabihf@1.30.1
215 silly packumentCache full:https://registry.npmjs.org/lightningcss-linux-arm-gnueabihf cache-miss
216 http cache https://registry.npmjs.org/lightningcss-linux-arm-gnueabihf 4ms (cache hit)
217 silly packumentCache full:https://registry.npmjs.org/lightningcss-linux-arm-gnueabihf set size:80903 disposed:false
218 silly fetch manifest lightningcss-linux-arm64-musl@1.30.1
219 silly packumentCache full:https://registry.npmjs.org/lightningcss-linux-arm64-musl cache-miss
220 http cache https://registry.npmjs.org/lightningcss-linux-arm64-musl 4ms (cache hit)
221 silly packumentCache full:https://registry.npmjs.org/lightningcss-linux-arm64-musl set size:80887 disposed:false
222 silly fetch manifest lightningcss-linux-x64-musl@1.30.1
223 silly packumentCache full:https://registry.npmjs.org/lightningcss-linux-x64-musl cache-miss
224 http cache https://registry.npmjs.org/lightningcss-linux-x64-musl 3ms (cache hit)
225 silly packumentCache full:https://registry.npmjs.org/lightningcss-linux-x64-musl set size:80313 disposed:false
226 silly fetch manifest lightningcss-freebsd-x64@1.30.1
227 silly packumentCache full:https://registry.npmjs.org/lightningcss-freebsd-x64 cache-miss
228 http cache https://registry.npmjs.org/lightningcss-freebsd-x64 3ms (cache hit)
229 silly packumentCache full:https://registry.npmjs.org/lightningcss-freebsd-x64 set size:42877 disposed:false
230 silly placeDep ROOT lightningcss-darwin-arm64@1.30.1 OK for: lightningcss@1.30.1 want: 1.30.1
231 silly placeDep ROOT lightningcss-darwin-x64@1.30.1 OK for: lightningcss@1.30.1 want: 1.30.1
232 silly placeDep ROOT lightningcss-freebsd-x64@1.30.1 OK for: lightningcss@1.30.1 want: 1.30.1
233 silly placeDep ROOT lightningcss-linux-arm-gnueabihf@1.30.1 OK for: lightningcss@1.30.1 want: 1.30.1
234 silly placeDep ROOT lightningcss-linux-arm64-gnu@1.30.1 OK for: lightningcss@1.30.1 want: 1.30.1
235 silly placeDep ROOT lightningcss-linux-arm64-musl@1.30.1 OK for: lightningcss@1.30.1 want: 1.30.1
236 silly placeDep ROOT lightningcss-linux-x64-gnu@1.30.1 OK for: lightningcss@1.30.1 want: 1.30.1
237 silly placeDep ROOT lightningcss-linux-x64-musl@1.30.1 OK for: lightningcss@1.30.1 want: 1.30.1
238 silly placeDep ROOT lightningcss-win32-arm64-msvc@1.30.1 OK for: lightningcss@1.30.1 want: 1.30.1
239 silly fetch manifest fsevents@~2.3.2
240 silly packumentCache full:https://registry.npmjs.org/fsevents cache-miss
241 http cache https://registry.npmjs.org/fsevents 3ms (cache hit)
242 silly packumentCache full:https://registry.npmjs.org/fsevents set size:182472 disposed:false
243 silly fetch manifest @rollup/rollup-darwin-arm64@4.62.0
244 silly packumentCache full:https://registry.npmjs.org/@rollup%2frollup-darwin-arm64 cache-miss
245 http cache https://registry.npmjs.org/@rollup%2frollup-darwin-arm64 3ms (cache hit)
246 silly packumentCache full:https://registry.npmjs.org/@rollup%2frollup-darwin-arm64 set size:343297 disposed:false
247 silly fetch manifest @rollup/rollup-android-arm64@4.62.0
248 silly packumentCache full:https://registry.npmjs.org/@rollup%2frollup-android-arm64 cache-miss
249 http cache https://registry.npmjs.org/@rollup%2frollup-android-arm64 4ms (cache hit)
250 silly packumentCache full:https://registry.npmjs.org/@rollup%2frollup-android-arm64 set size:344825 disposed:false
251 silly fetch manifest @rollup/rollup-win32-arm64-msvc@4.62.0
252 silly packumentCache full:https://registry.npmjs.org/@rollup%2frollup-win32-arm64-msvc cache-miss
253 http cache https://registry.npmjs.org/@rollup%2frollup-win32-arm64-msvc 4ms (cache hit)
254 silly packumentCache full:https://registry.npmjs.org/@rollup%2frollup-win32-arm64-msvc set size:348275 disposed:false
255 silly fetch manifest @rollup/rollup-freebsd-arm64@4.62.0
256 silly packumentCache full:https://registry.npmjs.org/@rollup%2frollup-freebsd-arm64 cache-miss
257 http cache https://registry.npmjs.org/@rollup%2frollup-freebsd-arm64 3ms (cache hit)
258 silly packumentCache full:https://registry.npmjs.org/@rollup%2frollup-freebsd-arm64 set size:193028 disposed:false
259 silly fetch manifest @rollup/rollup-linux-arm64-gnu@4.62.0
260 silly packumentCache full:https://registry.npmjs.org/@rollup%2frollup-linux-arm64-gnu cache-miss
261 http cache https://registry.npmjs.org/@rollup%2frollup-linux-arm64-gnu 4ms (cache hit)
262 silly packumentCache full:https://registry.npmjs.org/@rollup%2frollup-linux-arm64-gnu set size:350551 disposed:false
263 silly fetch manifest @rollup/rollup-linux-arm64-musl@4.62.0
264 silly packumentCache full:https://registry.npmjs.org/@rollup%2frollup-linux-arm64-musl cache-miss
265 http cache https://registry.npmjs.org/@rollup%2frollup-linux-arm64-musl 4ms (cache hit)
266 silly packumentCache full:https://registry.npmjs.org/@rollup%2frollup-linux-arm64-musl set size:305960 disposed:false
267 silly fetch manifest @rollup/rollup-android-arm-eabi@4.62.0
268 silly packumentCache full:https://registry.npmjs.org/@rollup%2frollup-android-arm-eabi cache-miss
269 http cache https://registry.npmjs.org/@rollup%2frollup-android-arm-eabi 6ms (cache hit)
270 silly packumentCache full:https://registry.npmjs.org/@rollup%2frollup-android-arm-eabi set size:348287 disposed:false
271 silly fetch manifest @rollup/rollup-linux-arm-gnueabihf@4.62.0
272 silly packumentCache full:https://registry.npmjs.org/@rollup%2frollup-linux-arm-gnueabihf cache-miss
273 http cache https://registry.npmjs.org/@rollup%2frollup-linux-arm-gnueabihf 4ms (cache hit)
274 silly packumentCache full:https://registry.npmjs.org/@rollup%2frollup-linux-arm-gnueabihf set size:354128 disposed:false
275 silly fetch manifest @rollup/rollup-linux-arm-musleabihf@4.62.0
276 silly packumentCache full:https://registry.npmjs.org/@rollup%2frollup-linux-arm-musleabihf cache-miss
277 http cache https://registry.npmjs.org/@rollup%2frollup-linux-arm-musleabihf 4ms (cache hit)
278 silly packumentCache full:https://registry.npmjs.org/@rollup%2frollup-linux-arm-musleabihf set size:248323 disposed:false
279 silly fetch manifest @rollup/rollup-win32-ia32-msvc@4.62.0
280 silly packumentCache full:https://registry.npmjs.org/@rollup%2frollup-win32-ia32-msvc cache-miss
281 http cache https://registry.npmjs.org/@rollup%2frollup-win32-ia32-msvc 3ms (cache hit)
282 silly packumentCache full:https://registry.npmjs.org/@rollup%2frollup-win32-ia32-msvc set size:346766 disposed:false
283 silly fetch manifest @rollup/rollup-linux-loong64-gnu@4.62.0
284 silly packumentCache full:https://registry.npmjs.org/@rollup%2frollup-linux-loong64-gnu cache-miss
285 http cache https://registry.npmjs.org/@rollup%2frollup-linux-loong64-gnu 3ms (cache hit)
286 silly packumentCache full:https://registry.npmjs.org/@rollup%2frollup-linux-loong64-gnu set size:75063 disposed:false
287 silly fetch manifest @rollup/rollup-linux-loong64-musl@4.62.0
288 silly packumentCache full:https://registry.npmjs.org/@rollup%2frollup-linux-loong64-musl cache-miss
289 http cache https://registry.npmjs.org/@rollup%2frollup-linux-loong64-musl 4ms (cache hit)
290 silly packumentCache full:https://registry.npmjs.org/@rollup%2frollup-linux-loong64-musl set size:37088 disposed:false
291 silly fetch manifest @rollup/rollup-linux-riscv64-gnu@4.62.0
292 silly packumentCache full:https://registry.npmjs.org/@rollup%2frollup-linux-riscv64-gnu cache-miss
293 http cache https://registry.npmjs.org/@rollup%2frollup-linux-riscv64-gnu 3ms (cache hit)
294 silly packumentCache full:https://registry.npmjs.org/@rollup%2frollup-linux-riscv64-gnu set size:276749 disposed:false
295 silly fetch manifest @rollup/rollup-linux-riscv64-musl@4.62.0
296 silly packumentCache full:https://registry.npmjs.org/@rollup%2frollup-linux-riscv64-musl cache-miss
297 http cache https://registry.npmjs.org/@rollup%2frollup-linux-riscv64-musl 4ms (cache hit)
298 silly packumentCache full:https://registry.npmjs.org/@rollup%2frollup-linux-riscv64-musl set size:122752 disposed:false
299 silly fetch manifest @rollup/rollup-linux-ppc64-gnu@4.62.0
300 silly packumentCache full:https://registry.npmjs.org/@rollup%2frollup-linux-ppc64-gnu cache-miss
301 http cache https://registry.npmjs.org/@rollup%2frollup-linux-ppc64-gnu 3ms (cache hit)
302 silly packumentCache full:https://registry.npmjs.org/@rollup%2frollup-linux-ppc64-gnu set size:95233 disposed:false
303 silly fetch manifest @rollup/rollup-linux-ppc64-musl@4.62.0
304 silly packumentCache full:https://registry.npmjs.org/@rollup%2frollup-linux-ppc64-musl cache-miss
305 http cache https://registry.npmjs.org/@rollup%2frollup-linux-ppc64-musl 3ms (cache hit)
306 silly packumentCache full:https://registry.npmjs.org/@rollup%2frollup-linux-ppc64-musl set size:36779 disposed:false
307 silly fetch manifest @rollup/rollup-linux-s390x-gnu@4.62.0
308 silly packumentCache full:https://registry.npmjs.org/@rollup%2frollup-linux-s390x-gnu cache-miss
309 http cache https://registry.npmjs.org/@rollup%2frollup-linux-s390x-gnu 3ms (cache hit)
310 silly packumentCache full:https://registry.npmjs.org/@rollup%2frollup-linux-s390x-gnu set size:250402 disposed:false
311 silly fetch manifest @rollup/rollup-darwin-x64@4.62.0
312 silly packumentCache full:https://registry.npmjs.org/@rollup%2frollup-darwin-x64 cache-miss
313 http cache https://registry.npmjs.org/@rollup%2frollup-darwin-x64 4ms (cache hit)
314 silly packumentCache full:https://registry.npmjs.org/@rollup%2frollup-darwin-x64 set size:338453 disposed:false
315 silly fetch manifest @rollup/rollup-freebsd-x64@4.62.0
316 silly packumentCache full:https://registry.npmjs.org/@rollup%2frollup-freebsd-x64 cache-miss
317 http cache https://registry.npmjs.org/@rollup%2frollup-freebsd-x64 5ms (cache hit)
318 silly packumentCache full:https://registry.npmjs.org/@rollup%2frollup-freebsd-x64 set size:191072 disposed:false
319 silly fetch manifest @rollup/rollup-linux-x64-gnu@4.62.0
320 silly packumentCache full:https://registry.npmjs.org/@rollup%2frollup-linux-x64-gnu cache-miss
321 http cache https://registry.npmjs.org/@rollup%2frollup-linux-x64-gnu 4ms (cache hit)
322 silly packumentCache full:https://registry.npmjs.org/@rollup%2frollup-linux-x64-gnu set size:345643 disposed:false
323 silly fetch manifest @rollup/rollup-linux-x64-musl@4.62.0
324 silly packumentCache full:https://registry.npmjs.org/@rollup%2frollup-linux-x64-musl cache-miss
325 http cache https://registry.npmjs.org/@rollup%2frollup-linux-x64-musl 4ms (cache hit)
326 silly packumentCache full:https://registry.npmjs.org/@rollup%2frollup-linux-x64-musl set size:345011 disposed:false
327 silly fetch manifest @rollup/rollup-openbsd-x64@4.62.0
328 silly packumentCache full:https://registry.npmjs.org/@rollup%2frollup-openbsd-x64 cache-miss
329 http cache https://registry.npmjs.org/@rollup%2frollup-openbsd-x64 3ms (cache hit)
330 silly packumentCache full:https://registry.npmjs.org/@rollup%2frollup-openbsd-x64 set size:35817 disposed:false
331 silly fetch manifest @rollup/rollup-openharmony-arm64@4.62.0
332 silly packumentCache full:https://registry.npmjs.org/@rollup%2frollup-openharmony-arm64 cache-miss
333 http cache https://registry.npmjs.org/@rollup%2frollup-openharmony-arm64 3ms (cache hit)
334 silly packumentCache full:https://registry.npmjs.org/@rollup%2frollup-openharmony-arm64 set size:75902 disposed:false
335 silly placeDep ROOT @rollup/rollup-android-arm-eabi@4.62.0 OK for: rollup@4.62.0 want: 4.62.0
336 silly placeDep ROOT @rollup/rollup-android-arm64@4.62.0 OK for: rollup@4.62.0 want: 4.62.0
337 silly placeDep ROOT @rollup/rollup-darwin-arm64@4.62.0 OK for: rollup@4.62.0 want: 4.62.0
338 silly placeDep ROOT @rollup/rollup-darwin-x64@4.62.0 OK for: rollup@4.62.0 want: 4.62.0
339 silly placeDep ROOT @rollup/rollup-freebsd-arm64@4.62.0 OK for: rollup@4.62.0 want: 4.62.0
340 silly placeDep ROOT @rollup/rollup-freebsd-x64@4.62.0 OK for: rollup@4.62.0 want: 4.62.0
341 silly placeDep ROOT @rollup/rollup-linux-arm-gnueabihf@4.62.0 OK for: rollup@4.62.0 want: 4.62.0
342 silly placeDep ROOT @rollup/rollup-linux-arm-musleabihf@4.62.0 OK for: rollup@4.62.0 want: 4.62.0
343 silly placeDep ROOT @rollup/rollup-linux-arm64-gnu@4.62.0 OK for: rollup@4.62.0 want: 4.62.0
344 silly placeDep ROOT @rollup/rollup-linux-arm64-musl@4.62.0 OK for: rollup@4.62.0 want: 4.62.0
345 silly placeDep ROOT @rollup/rollup-linux-loong64-gnu@4.62.0 OK for: rollup@4.62.0 want: 4.62.0
346 silly placeDep ROOT @rollup/rollup-linux-loong64-musl@4.62.0 OK for: rollup@4.62.0 want: 4.62.0
347 silly placeDep ROOT @rollup/rollup-linux-ppc64-gnu@4.62.0 OK for: rollup@4.62.0 want: 4.62.0
348 silly placeDep ROOT @rollup/rollup-linux-ppc64-musl@4.62.0 OK for: rollup@4.62.0 want: 4.62.0
349 silly placeDep ROOT @rollup/rollup-linux-riscv64-gnu@4.62.0 OK for: rollup@4.62.0 want: 4.62.0
350 silly placeDep ROOT @rollup/rollup-linux-riscv64-musl@4.62.0 OK for: rollup@4.62.0 want: 4.62.0
351 silly placeDep ROOT @rollup/rollup-linux-s390x-gnu@4.62.0 OK for: rollup@4.62.0 want: 4.62.0
352 silly placeDep ROOT @rollup/rollup-linux-x64-gnu@4.62.0 OK for: rollup@4.62.0 want: 4.62.0
353 silly placeDep ROOT @rollup/rollup-linux-x64-musl@4.62.0 OK for: rollup@4.62.0 want: 4.62.0
354 silly placeDep ROOT @rollup/rollup-openbsd-x64@4.62.0 OK for: rollup@4.62.0 want: 4.62.0
355 silly placeDep ROOT @rollup/rollup-openharmony-arm64@4.62.0 OK for: rollup@4.62.0 want: 4.62.0
356 silly placeDep ROOT @rollup/rollup-win32-arm64-msvc@4.62.0 OK for: rollup@4.62.0 want: 4.62.0
357 silly placeDep ROOT @rollup/rollup-win32-ia32-msvc@4.62.0 OK for: rollup@4.62.0 want: 4.62.0
358 silly placeDep ROOT fsevents@2.3.3 OK for: rollup@4.62.0 want: ~2.3.2
359 silly reify mark retired [
359 silly reify   'E:\\Projects\\Portofolio\\Game Portfolio of Flamberge\\node_modules\\baseline-browser-mapping',
359 silly reify   'E:\\Projects\\Portofolio\\Game Portfolio of Flamberge\\node_modules\\.bin\\baseline-browser-mapping',
359 silly reify   'E:\\Projects\\Portofolio\\Game Portfolio of Flamberge\\node_modules\\.bin\\baseline-browser-mapping.cmd',
359 silly reify   'E:\\Projects\\Portofolio\\Game Portfolio of Flamberge\\node_modules\\.bin\\baseline-browser-mapping.ps1'
359 silly reify ]
360 silly reify mark retired [
360 silly reify   'E:\\Projects\\Portofolio\\Game Portfolio of Flamberge\\node_modules\\browserslist',
360 silly reify   'E:\\Projects\\Portofolio\\Game Portfolio of Flamberge\\node_modules\\.bin\\browserslist',
360 silly reify   'E:\\Projects\\Portofolio\\Game Portfolio of Flamberge\\node_modules\\.bin\\browserslist.cmd',
360 silly reify   'E:\\Projects\\Portofolio\\Game Portfolio of Flamberge\\node_modules\\.bin\\browserslist.ps1'
360 silly reify ]
361 silly reify mark retired [
361 silly reify   'E:\\Projects\\Portofolio\\Game Portfolio of Flamberge\\node_modules\\esbuild',
361 silly reify   'E:\\Projects\\Portofolio\\Game Portfolio of Flamberge\\node_modules\\.bin\\esbuild',
361 silly reify   'E:\\Projects\\Portofolio\\Game Portfolio of Flamberge\\node_modules\\.bin\\esbuild.cmd',
361 silly reify   'E:\\Projects\\Portofolio\\Game Portfolio of Flamberge\\node_modules\\.bin\\esbuild.ps1'
361 silly reify ]
362 silly reify mark retired [
362 silly reify   'E:\\Projects\\Portofolio\\Game Portfolio of Flamberge\\node_modules\\jiti',
362 silly reify   'E:\\Projects\\Portofolio\\Game Portfolio of Flamberge\\node_modules\\.bin\\jiti',
362 silly reify   'E:\\Projects\\Portofolio\\Game Portfolio of Flamberge\\node_modules\\.bin\\jiti.cmd',
362 silly reify   'E:\\Projects\\Portofolio\\Game Portfolio of Flamberge\\node_modules\\.bin\\jiti.ps1'
362 silly reify ]
363 silly reify mark retired [
363 silly reify   'E:\\Projects\\Portofolio\\Game Portfolio of Flamberge\\node_modules\\jsesc',
363 silly reify   'E:\\Projects\\Portofolio\\Game Portfolio of Flamberge\\node_modules\\.bin\\jsesc',
363 silly reify   'E:\\Projects\\Portofolio\\Game Portfolio of Flamberge\\node_modules\\.bin\\jsesc.cmd',
363 silly reify   'E:\\Projects\\Portofolio\\Game Portfolio of Flamberge\\node_modules\\.bin\\jsesc.ps1'
363 silly reify ]
364 silly reify mark retired [
364 silly reify   'E:\\Projects\\Portofolio\\Game Portfolio of Flamberge\\node_modules\\json5',
364 silly reify   'E:\\Projects\\Portofolio\\Game Portfolio of Flamberge\\node_modules\\.bin\\json5',
364 silly reify   'E:\\Projects\\Portofolio\\Game Portfolio of Flamberge\\node_modules\\.bin\\json5.cmd',
364 silly reify   'E:\\Projects\\Portofolio\\Game Portfolio of Flamberge\\node_modules\\.bin\\json5.ps1'
364 silly reify ]
365 silly reify mark retired [
365 silly reify   'E:\\Projects\\Portofolio\\Game Portfolio of Flamberge\\node_modules\\loose-envify',
365 silly reify   'E:\\Projects\\Portofolio\\Game Portfolio of Flamberge\\node_modules\\.bin\\loose-envify',
365 silly reify   'E:\\Projects\\Portofolio\\Game Portfolio of Flamberge\\node_modules\\.bin\\loose-envify.cmd',
365 silly reify   'E:\\Projects\\Portofolio\\Game Portfolio of Flamberge\\node_modules\\.bin\\loose-envify.ps1'
365 silly reify ]
366 silly reify mark retired [
366 silly reify   'E:\\Projects\\Portofolio\\Game Portfolio of Flamberge\\node_modules\\nanoid',
366 silly reify   'E:\\Projects\\Portofolio\\Game Portfolio of Flamberge\\node_modules\\.bin\\nanoid',
366 silly reify   'E:\\Projects\\Portofolio\\Game Portfolio of Flamberge\\node_modules\\.bin\\nanoid.cmd',
366 silly reify   'E:\\Projects\\Portofolio\\Game Portfolio of Flamberge\\node_modules\\.bin\\nanoid.ps1'
366 silly reify ]
367 silly reify mark retired [
367 silly reify   'E:\\Projects\\Portofolio\\Game Portfolio of Flamberge\\node_modules\\resolve',
367 silly reify   'E:\\Projects\\Portofolio\\Game Portfolio of Flamberge\\node_modules\\.bin\\resolve',
367 silly reify   'E:\\Projects\\Portofolio\\Game Portfolio of Flamberge\\node_modules\\.bin\\resolve.cmd',
367 silly reify   'E:\\Projects\\Portofolio\\Game Portfolio of Flamberge\\node_modules\\.bin\\resolve.ps1'
367 silly reify ]
368 silly reify mark retired [
368 silly reify   'E:\\Projects\\Portofolio\\Game Portfolio of Flamberge\\node_modules\\rollup',
368 silly reify   'E:\\Projects\\Portofolio\\Game Portfolio of Flamberge\\node_modules\\.bin\\rollup',
368 silly reify   'E:\\Projects\\Portofolio\\Game Portfolio of Flamberge\\node_modules\\.bin\\rollup.cmd',
368 silly reify   'E:\\Projects\\Portofolio\\Game Portfolio of Flamberge\\node_modules\\.bin\\rollup.ps1'
368 silly reify ]
369 silly reify mark retired [
369 silly reify   'E:\\Projects\\Portofolio\\Game Portfolio of Flamberge\\node_modules\\semver',
369 silly reify   'E:\\Projects\\Portofolio\\Game Portfolio of Flamberge\\node_modules\\.bin\\semver',
369 silly reify   'E:\\Projects\\Portofolio\\Game Portfolio of Flamberge\\node_modules\\.bin\\semver.cmd',
369 silly reify   'E:\\Projects\\Portofolio\\Game Portfolio of Flamberge\\node_modules\\.bin\\semver.ps1'
369 silly reify ]
370 silly reify mark retired [
370 silly reify   'E:\\Projects\\Portofolio\\Game Portfolio of Flamberge\\node_modules\\update-browserslist-db',
370 silly reify   'E:\\Projects\\Portofolio\\Game Portfolio of Flamberge\\node_modules\\.bin\\update-browserslist-db',
370 silly reify   'E:\\Projects\\Portofolio\\Game Portfolio of Flamberge\\node_modules\\.bin\\update-browserslist-db.cmd',
370 silly reify   'E:\\Projects\\Portofolio\\Game Portfolio of Flamberge\\node_modules\\.bin\\update-browserslist-db.ps1'
370 silly reify ]
371 silly reify mark retired [
371 silly reify   'E:\\Projects\\Portofolio\\Game Portfolio of Flamberge\\node_modules\\vite',
371 silly reify   'E:\\Projects\\Portofolio\\Game Portfolio of Flamberge\\node_modules\\.bin\\vite',
371 silly reify   'E:\\Projects\\Portofolio\\Game Portfolio of Flamberge\\node_modules\\.bin\\vite.cmd',
371 silly reify   'E:\\Projects\\Portofolio\\Game Portfolio of Flamberge\\node_modules\\.bin\\vite.ps1'
371 silly reify ]
372 silly reify mark retired [
372 silly reify   'E:\\Projects\\Portofolio\\Game Portfolio of Flamberge\\node_modules\\yaml',
372 silly reify   'E:\\Projects\\Portofolio\\Game Portfolio of Flamberge\\node_modules\\.bin\\yaml',
372 silly reify   'E:\\Projects\\Portofolio\\Game Portfolio of Flamberge\\node_modules\\.bin\\yaml.cmd',
372 silly reify   'E:\\Projects\\Portofolio\\Game Portfolio of Flamberge\\node_modules\\.bin\\yaml.ps1'
372 silly reify ]
373 silly reify mark retired [
373 silly reify   'E:\\Projects\\Portofolio\\Game Portfolio of Flamberge\\node_modules\\@babel\\parser',
373 silly reify   'E:\\Projects\\Portofolio\\Game Portfolio of Flamberge\\node_modules\\.bin\\parser',
373 silly reify   'E:\\Projects\\Portofolio\\Game Portfolio of Flamberge\\node_modules\\.bin\\parser.cmd',
373 silly reify   'E:\\Projects\\Portofolio\\Game Portfolio of Flamberge\\node_modules\\.bin\\parser.ps1'
373 silly reify ]
374 silly reify moves {
374 silly reify   'E:\\Projects\\Portofolio\\Game Portfolio of Flamberge\\node_modules\\baseline-browser-mapping': 'E:\\Projects\\Portofolio\\Game Portfolio of Flamberge\\node_modules\\.baseline-browser-mapping-J6HyofUM',
374 silly reify   'E:\\Projects\\Portofolio\\Game Portfolio of Flamberge\\node_modules\\.bin\\baseline-browser-mapping': 'E:\\Projects\\Portofolio\\Game Portfolio of Flamberge\\node_modules\\.bin\\.baseline-browser-mapping-Vd7gNUf4',
374 silly reify   'E:\\Projects\\Portofolio\\Game Portfolio of Flamberge\\node_modules\\.bin\\baseline-browser-mapping.cmd': 'E:\\Projects\\Portofolio\\Game Portfolio of Flamberge\\node_modules\\.bin\\.baseline-browser-mapping.cmd-GglmDVYQ',
374 silly reify   'E:\\Projects\\Portofolio\\Game Portfolio of Flamberge\\node_modules\\.bin\\baseline-browser-mapping.ps1': 'E:\\Projects\\Portofolio\\Game Portfolio of Flamberge\\node_modules\\.bin\\.baseline-browser-mapping.ps1-m8xh5H24',
374 silly reify   'E:\\Projects\\Portofolio\\Game Portfolio of Flamberge\\node_modules\\browserslist': 'E:\\Projects\\Portofolio\\Game Portfolio of Flamberge\\node_modules\\.browserslist-7POfzOv3',
374 silly reify   'E:\\Projects\\Portofolio\\Game Portfolio of Flamberge\\node_modules\\.bin\\browserslist': 'E:\\Projects\\Portofolio\\Game Portfolio of Flamberge\\node_modules\\.bin\\.browserslist-19ZQNdlY',
374 silly reify   'E:\\Projects\\Portofolio\\Game Portfolio of Flamberge\\node_modules\\.bin\\browserslist.cmd': 'E:\\Projects\\Portofolio\\Game Portfolio of Flamberge\\node_modules\\.bin\\.browserslist.cmd-iQ4FENvY',
374 silly reify   'E:\\Projects\\Portofolio\\Game Portfolio of Flamberge\\node_modules\\.bin\\browserslist.ps1': 'E:\\Projects\\Portofolio\\Game Portfolio of Flamberge\\node_modules\\.bin\\.browserslist.ps1-wvcIICzj',
374 silly reify   'E:\\Projects\\Portofolio\\Game Portfolio of Flamberge\\node_modules\\esbuild': 'E:\\Projects\\Portofolio\\Game Portfolio of Flamberge\\node_modules\\.esbuild-sHhCxEfE',
374 silly reify   'E:\\Projects\\Portofolio\\Game Portfolio of Flamberge\\node_modules\\.bin\\esbuild': 'E:\\Projects\\Portofolio\\Game Portfolio of Flamberge\\node_modules\\.bin\\.esbuild-KZCLa7sH',
374 silly reify   'E:\\Projects\\Portofolio\\Game Portfolio of Flamberge\\node_modules\\.bin\\esbuild.cmd': 'E:\\Projects\\Portofolio\\Game Portfolio of Flamberge\\node_modules\\.bin\\.esbuild.cmd-Blb7T0nI',
374 silly reify   'E:\\Projects\\Portofolio\\Game Portfolio of Flamberge\\node_modules\\.bin\\esbuild.ps1': 'E:\\Projects\\Portofolio\\Game Portfolio of Flamberge\\node_modules\\.bin\\.esbuild.ps1-4SqAvgGe',
374 silly reify   'E:\\Projects\\Portofolio\\Game Portfolio of Flamberge\\node_modules\\jiti': 'E:\\Projects\\Portofolio\\Game Portfolio of Flamberge\\node_modules\\.jiti-S4PV3WgU',
374 silly reify   'E:\\Projects\\Portofolio\\Game Portfolio of Flamberge\\node_modules\\.bin\\jiti': 'E:\\Projects\\Portofolio\\Game Portfolio of Flamberge\\node_modules\\.bin\\.jiti-TWyslUE6',
374 silly reify   'E:\\Projects\\Portofolio\\Game Portfolio of Flamberge\\node_modules\\.bin\\jiti.cmd': 'E:\\Projects\\Portofolio\\Game Portfolio of Flamberge\\node_modules\\.bin\\.jiti.cmd-lhnSM3EH',
374 silly reify   'E:\\Projects\\Portofolio\\Game Portfolio of Flamberge\\node_modules\\.bin\\jiti.ps1': 'E:\\Projects\\Portofolio\\Game Portfolio of Flamberge\\node_modules\\.bin\\.jiti.ps1-RToyW0fL',
374 silly reify   'E:\\Projects\\Portofolio\\Game Portfolio of Flamberge\\node_modules\\jsesc': 'E:\\Projects\\Portofolio\\Game Portfolio of Flamberge\\node_modules\\.jsesc-sMATcBpY',
374 silly reify   'E:\\Projects\\Portofolio\\Game Portfolio of Flamberge\\node_modules\\.bin\\jsesc': 'E:\\Projects\\Portofolio\\Game Portfolio of Flamberge\\node_modules\\.bin\\.jsesc-jay21IK4',
374 silly reify   'E:\\Projects\\Portofolio\\Game Portfolio of Flamberge\\node_modules\\.bin\\jsesc.cmd': 'E:\\Projects\\Portofolio\\Game Portfolio of Flamberge\\node_modules\\.bin\\.jsesc.cmd-BnnQtkLV',
374 silly reify   'E:\\Projects\\Portofolio\\Game Portfolio of Flamberge\\node_modules\\.bin\\jsesc.ps1': 'E:\\Projects\\Portofolio\\Game Portfolio of Flamberge\\node_modules\\.bin\\.jsesc.ps1-jddX3bSJ',
374 silly reify   'E:\\Projects\\Portofolio\\Game Portfolio of Flamberge\\node_modules\\json5': 'E:\\Projects\\Portofolio\\Game Portfolio of Flamberge\\node_modules\\.json5-eZshfGPB',
374 silly reify   'E:\\Projects\\Portofolio\\Game Portfolio of Flamberge\\node_modules\\.bin\\json5': 'E:\\Projects\\Portofolio\\Game Portfolio of Flamberge\\node_modules\\.bin\\.json5-Ez0uIurL',
374 silly reify   'E:\\Projects\\Portofolio\\Game Portfolio of Flamberge\\node_modules\\.bin\\json5.cmd': 'E:\\Projects\\Portofolio\\Game Portfolio of Flamberge\\node_modules\\.bin\\.json5.cmd-jizy0Qdr',
374 silly reify   'E:\\Projects\\Portofolio\\Game Portfolio of Flamberge\\node_modules\\.bin\\json5.ps1': 'E:\\Projects\\Portofolio\\Game Portfolio of Flamberge\\node_modules\\.bin\\.json5.ps1-OJRiLPew',
374 silly reify   'E:\\Projects\\Portofolio\\Game Portfolio of Flamberge\\node_modules\\loose-envify': 'E:\\Projects\\Portofolio\\Game Portfolio of Flamberge\\node_modules\\.loose-envify-afuza1YW',
374 silly reify   'E:\\Projects\\Portofolio\\Game Portfolio of Flamberge\\node_modules\\.bin\\loose-envify': 'E:\\Projects\\Portofolio\\Game Portfolio of Flamberge\\node_modules\\.bin\\.loose-envify-cVTlDRKm',
374 silly reify   'E:\\Projects\\Portofolio\\Game Portfolio of Flamberge\\node_modules\\.bin\\loose-envify.cmd': 'E:\\Projects\\Portofolio\\Game Portfolio of Flamberge\\node_modules\\.bin\\.loose-envify.cmd-5UkOuRGd',
374 silly reify   'E:\\Projects\\Portofolio\\Game Portfolio of Flamberge\\node_modules\\.bin\\loose-envify.ps1': 'E:\\Projects\\Portofolio\\Game Portfolio of Flamberge\\node_modules\\.bin\\.loose-envify.ps1-4cW1RKRU',
374 silly reify   'E:\\Projects\\Portofolio\\Game Portfolio of Flamberge\\node_modules\\nanoid': 'E:\\Projects\\Portofolio\\Game Portfolio of Flamberge\\node_modules\\.nanoid-Ql0bQohT',
374 silly reify   'E:\\Projects\\Portofolio\\Game Portfolio of Flamberge\\node_modules\\.bin\\nanoid': 'E:\\Projects\\Portofolio\\Game Portfolio of Flamberge\\node_modules\\.bin\\.nanoid-s9PvurMT',
374 silly reify   'E:\\Projects\\Portofolio\\Game Portfolio of Flamberge\\node_modules\\.bin\\nanoid.cmd': 'E:\\Projects\\Portofolio\\Game Portfolio of Flamberge\\node_modules\\.bin\\.nanoid.cmd-avJR8OPp',
374 silly reify   'E:\\Projects\\Portofolio\\Game Portfolio of Flamberge\\node_modules\\.bin\\nanoid.ps1': 'E:\\Projects\\Portofolio\\Game Portfolio of Flamberge\\node_modules\\.bin\\.nanoid.ps1-qr2mJ1pa',
374 silly reify   'E:\\Projects\\Portofolio\\Game Portfolio of Flamberge\\node_modules\\resolve': 'E:\\Projects\\Portofolio\\Game Portfolio of Flamberge\\node_modules\\.resolve-qQU4GjcW',
374 silly reify   'E:\\Projects\\Portofolio\\Game Portfolio of Flamberge\\node_modules\\.bin\\resolve': 'E:\\Projects\\Portofolio\\Game Portfolio of Flamberge\\node_modules\\.bin\\.resolve-1KGyzxF3',
374 silly reify   'E:\\Projects\\Portofolio\\Game Portfolio of Flamberge\\node_modules\\.bin\\resolve.cmd': 'E:\\Projects\\Portofolio\\Game Portfolio of Flamberge\\node_modules\\.bin\\.resolve.cmd-Y5NsCDeH',
374 silly reify   'E:\\Projects\\Portofolio\\Game Portfolio of Flamberge\\node_modules\\.bin\\resolve.ps1': 'E:\\Projects\\Portofolio\\Game Portfolio of Flamberge\\node_modules\\.bin\\.resolve.ps1-ewVqA3U7',
374 silly reify   'E:\\Projects\\Portofolio\\Game Portfolio of Flamberge\\node_modules\\rollup': 'E:\\Projects\\Portofolio\\Game Portfolio of Flamberge\\node_modules\\.rollup-j91HVBeh',
374 silly reify   'E:\\Projects\\Portofolio\\Game Portfolio of Flamberge\\node_modules\\.bin\\rollup': 'E:\\Projects\\Portofolio\\Game Portfolio of Flamberge\\node_modules\\.bin\\.rollup-TzdHqKsu',
374 silly reify   'E:\\Projects\\Portofolio\\Game Portfolio of Flamberge\\node_modules\\.bin\\rollup.cmd': 'E:\\Projects\\Portofolio\\Game Portfolio of Flamberge\\node_modules\\.bin\\.rollup.cmd-kiQJkIKq',
374 silly reify   'E:\\Projects\\Portofolio\\Game Portfolio of Flamberge\\node_modules\\.bin\\rollup.ps1': 'E:\\Projects\\Portofolio\\Game Portfolio of Flamberge\\node_modules\\.bin\\.rollup.ps1-WAxx8sHj',
374 silly reify   'E:\\Projects\\Portofolio\\Game Portfolio of Flamberge\\node_modules\\semver': 'E:\\Projects\\Portofolio\\Game Portfolio of Flamberge\\node_modules\\.semver-T1vNsgeE',
374 silly reify   'E:\\Projects\\Portofolio\\Game Portfolio of Flamberge\\node_modules\\.bin\\semver': 'E:\\Projects\\Portofolio\\Game Portfolio of Flamberge\\node_modules\\.bin\\.semver-pWqURByV',
374 silly reify   'E:\\Projects\\Portofolio\\Game Portfolio of Flamberge\\node_modules\\.bin\\semver.cmd': 'E:\\Projects\\Portofolio\\Game Portfolio of Flamberge\\node_modules\\.bin\\.semver.cmd-23UFiVhC',
374 silly reify   'E:\\Projects\\Portofolio\\Game Portfolio of Flamberge\\node_modules\\.bin\\semver.ps1': 'E:\\Projects\\Portofolio\\Game Portfolio of Flamberge\\node_modules\\.bin\\.semver.ps1-vvjBvxAW',
374 silly reify   'E:\\Projects\\Portofolio\\Game Portfolio of Flamberge\\node_modules\\update-browserslist-db': 'E:\\Projects\\Portofolio\\Game Portfolio of Flamberge\\node_modules\\.update-browserslist-db-cjzsi8X8',
374 silly reify   'E:\\Projects\\Portofolio\\Game Portfolio of Flamberge\\node_modules\\.bin\\update-browserslist-db': 'E:\\Projects\\Portofolio\\Game Portfolio of Flamberge\\node_modules\\.bin\\.update-browserslist-db-7LEwDxfE',
374 silly reify   'E:\\Projects\\Portofolio\\Game Portfolio of Flamberge\\node_modules\\.bin\\update-browserslist-db.cmd': 'E:\\Projects\\Portofolio\\Game Portfolio of Flamberge\\node_modules\\.bin\\.update-browserslist-db.cmd-N3WGhEKL',
374 silly reify   'E:\\Projects\\Portofolio\\Game Portfolio of Flamberge\\node_modules\\.bin\\update-browserslist-db.ps1': 'E:\\Projects\\Portofolio\\Game Portfolio of Flamberge\\node_modules\\.bin\\.update-browserslist-db.ps1-vTyEA3aw',
374 silly reify   'E:\\Projects\\Portofolio\\Game Portfolio of Flamberge\\node_modules\\vite': 'E:\\Projects\\Portofolio\\Game Portfolio of Flamberge\\node_modules\\.vite-T22rxxx9',
374 silly reify   'E:\\Projects\\Portofolio\\Game Portfolio of Flamberge\\node_modules\\.bin\\vite': 'E:\\Projects\\Portofolio\\Game Portfolio of Flamberge\\node_modules\\.bin\\.vite-0xWP4ktW',
374 silly reify   'E:\\Projects\\Portofolio\\Game Portfolio of Flamberge\\node_modules\\.bin\\vite.cmd': 'E:\\Projects\\Portofolio\\Game Portfolio of Flamberge\\node_modules\\.bin\\.vite.cmd-RvGYmJmD',
374 silly reify   'E:\\Projects\\Portofolio\\Game Portfolio of Flamberge\\node_modules\\.bin\\vite.ps1': 'E:\\Projects\\Portofolio\\Game Portfolio of Flamberge\\node_modules\\.bin\\.vite.ps1-mhYk2QBO',
374 silly reify   'E:\\Projects\\Portofolio\\Game Portfolio of Flamberge\\node_modules\\yaml': 'E:\\Projects\\Portofolio\\Game Portfolio of Flamberge\\node_modules\\.yaml-DkVKiKTs',
374 silly reify   'E:\\Projects\\Portofolio\\Game Portfolio of Flamberge\\node_modules\\.bin\\yaml': 'E:\\Projects\\Portofolio\\Game Portfolio of Flamberge\\node_modules\\.bin\\.yaml-SGxvrmPK',
374 silly reify   'E:\\Projects\\Portofolio\\Game Portfolio of Flamberge\\node_modules\\.bin\\yaml.cmd': 'E:\\Projects\\Portofolio\\Game Portfolio of Flamberge\\node_modules\\.bin\\.yaml.cmd-o54Gs4eU',
374 silly reify   'E:\\Projects\\Portofolio\\Game Portfolio of Flamberge\\node_modules\\.bin\\yaml.ps1': 'E:\\Projects\\Portofolio\\Game Portfolio of Flamberge\\node_modules\\.bin\\.yaml.ps1-JFq0AXRw',
374 silly reify   'E:\\Projects\\Portofolio\\Game Portfolio of Flamberge\\node_modules\\@babel\\parser': 'E:\\Projects\\Portofolio\\Game Portfolio of Flamberge\\node_modules\\@babel\\.parser-3T77aLtG',
374 silly reify   'E:\\Projects\\Portofolio\\Game Portfolio of Flamberge\\node_modules\\.bin\\parser': 'E:\\Projects\\Portofolio\\Game Portfolio of Flamberge\\node_modules\\.bin\\.parser-Z9ndOFzT',
374 silly reify   'E:\\Projects\\Portofolio\\Game Portfolio of Flamberge\\node_modules\\.bin\\parser.cmd': 'E:\\Projects\\Portofolio\\Game Portfolio of Flamberge\\node_modules\\.bin\\.parser.cmd-bQI6X637',
374 silly reify   'E:\\Projects\\Portofolio\\Game Portfolio of Flamberge\\node_modules\\.bin\\parser.ps1': 'E:\\Projects\\Portofolio\\Game Portfolio of Flamberge\\node_modules\\.bin\\.parser.ps1-S6nkRAmZ'
374 silly reify }
375 silly audit bulk request {
375 silly audit   'caniuse-lite': [ '1.0.30001799' ],
375 silly audit   'aria-hidden': [ '1.2.6' ],
375 silly audit   'baseline-browser-mapping': [ '2.10.37' ],
375 silly audit   'canvas-confetti': [ '1.9.4' ],
375 silly audit   callsites: [ '3.1.0' ],
375 silly audit   browserslist: [ '4.28.2' ],
375 silly audit   chownr: [ '3.0.0' ],
375 silly audit   'babel-plugin-macros': [ '3.1.0' ],
375 silly audit   'class-variance-authority': [ '0.7.1' ],
375 silly audit   'base64-arraybuffer': [ '1.0.2' ],
375 silly audit   cmdk: [ '1.1.1' ],
375 silly audit   canvg: [ '3.0.11' ],
375 silly audit   clsx: [ '2.1.1' ],
375 silly audit   'convert-source-map': [ '1.9.0', '2.0.0' ],
375 silly audit   classnames: [ '2.5.1' ],
375 silly audit   'core-js': [ '3.49.0' ],
375 silly audit   'css-line-break': [ '2.1.0' ],
375 silly audit   cosmiconfig: [ '7.1.0' ],
375 silly audit   yaml: [ '1.10.3' ],
375 silly audit   cookie: [ '1.1.1' ],
375 silly audit   'd3-color': [ '3.1.0' ],
375 silly audit   'd3-array': [ '3.2.4' ],
375 silly audit   csstype: [ '3.2.3' ],
375 silly audit   'd3-ease': [ '3.0.1' ],
375 silly audit   'd3-path': [ '3.1.0' ],
375 silly audit   'd3-scale': [ '4.0.2' ],
375 silly audit   'd3-time': [ '3.1.0' ],
375 silly audit   'd3-interpolate': [ '3.0.1' ],
375 silly audit   'd3-shape': [ '3.2.0' ],
375 silly audit   'd3-format': [ '3.1.2' ],
375 silly audit   'd3-time-format': [ '4.1.0' ],
375 silly audit   'd3-timer': [ '3.0.1' ],
375 silly audit   'detect-libc': [ '2.1.2' ],
375 silly audit   'dnd-core': [ '16.0.1' ],
375 silly audit   'detect-node-es': [ '1.1.0' ],
375 silly audit   debug: [ '4.4.3' ],
375 silly audit   'decimal.js-light': [ '2.5.1' ],
375 silly audit   'embla-carousel': [ '8.6.0' ],
375 silly audit   'dom-helpers': [ '5.2.1' ],
375 silly audit   dompurify: [ '3.4.10' ],
375 silly audit   'embla-carousel-reactive-utils': [ '8.6.0' ],
375 silly audit   'embla-carousel-react': [ '8.6.0' ],
375 silly audit   'error-ex': [ '1.3.4' ],
375 silly audit   'es-errors': [ '1.3.0' ],
375 silly audit   esbuild: [ '0.25.12' ],
375 silly audit   'escape-string-regexp': [ '4.0.0' ],
375 silly audit   'date-fns': [ '3.6.0' ],
375 silly audit   eventemitter3: [ '4.0.7' ],
375 silly audit   'fast-png': [ '6.4.0' ],
375 silly audit   escalade: [ '3.2.0' ],
375 silly audit   'fast-deep-equal': [ '3.1.3' ],
375 silly audit   'fast-equals': [ '5.4.0' ],
375 silly audit   'electron-to-chromium': [ '1.5.372' ],
375 silly audit   'enhanced-resolve': [ '5.24.0' ],
375 silly audit   fflate: [ '0.8.3' ],
375 silly audit   'find-root': [ '1.1.0' ],
375 silly audit   'function-bind': [ '1.1.2' ],
375 silly audit   gensync: [ '1.0.0-beta.2' ],
375 silly audit   'graceful-fs': [ '4.2.11' ],
375 silly audit   fdir: [ '6.5.0' ],
375 silly audit   'framer-motion': [ '12.40.0' ],
375 silly audit   'get-nonce': [ '1.0.1' ],
375 silly audit   html2canvas: [ '1.4.1' ],
375 silly audit   'import-fresh': [ '3.3.1' ],
375 silly audit   internmap: [ '2.0.3' ],
375 silly audit   hasown: [ '2.0.4' ],
375 silly audit   'hoist-non-react-statics': [ '3.3.2' ],
375 silly audit   'react-is': [ '16.13.1', '19.2.7', '18.3.1' ],
375 silly audit   iobuffer: [ '5.4.0' ],
375 silly audit   'input-otp': [ '1.4.2' ],
375 silly audit   'js-tokens': [ '4.0.0' ],
375 silly audit   'is-arrayish': [ '0.2.1' ],
375 silly audit   'is-core-module': [ '2.16.2' ],
375 silly audit   'json-parse-even-better-errors': [ '2.3.1' ],
375 silly audit   jsesc: [ '3.1.0' ],
375 silly audit   json5: [ '2.2.3' ],
375 silly audit   jspdf: [ '4.2.1' ],
375 silly audit   jiti: [ '2.7.0' ],
375 silly audit   lightningcss: [ '1.30.1' ],
375 silly audit   json2mq: [ '0.2.0' ],
375 silly audit   'lines-and-columns': [ '1.2.4' ],
375 silly audit   'lightningcss-win32-x64-msvc': [ '1.30.1' ],
375 silly audit   lodash: [ '4.18.1' ],
375 silly audit   'loose-envify': [ '1.4.0' ],
375 silly audit   'lru-cache': [ '5.1.1' ],
375 silly audit   'lodash.debounce': [ '4.0.8' ],
375 silly audit   'magic-string': [ '0.30.21' ],
375 silly audit   minipass: [ '7.1.3' ],
375 silly audit   minizlib: [ '3.1.0' ],
375 silly audit   ms: [ '2.1.3' ],
375 silly audit   'motion-dom': [ '12.40.0' ],
375 silly audit   'lucide-react': [ '0.487.0' ],
375 silly audit   motion: [ '12.23.24' ],
375 silly audit   nanoid: [ '3.3.12' ],
375 silly audit   'object-assign': [ '4.1.1' ],
375 silly audit   'motion-utils': [ '12.39.0' ],
375 silly audit   pako: [ '2.1.0' ],
375 silly audit   'parse-json': [ '5.2.0' ],
375 silly audit   'parent-module': [ '1.0.1' ],
375 silly audit   'node-releases': [ '2.0.47' ],
375 silly audit   'next-themes': [ '0.4.6' ],
375 silly audit   'path-type': [ '4.0.0' ],
375 silly audit   'path-parse': [ '1.0.7' ],
375 silly audit   raf: [ '3.4.1' ],
375 silly audit   picomatch: [ '4.0.4' ],
375 silly audit   'performance-now': [ '2.1.0' ],
375 silly audit   'prop-types': [ '15.8.1' ],
375 silly audit   postcss: [ '8.5.15' ],
375 silly audit   react: [ '18.3.1' ],
375 silly audit   picocolors: [ '1.1.1' ],
375 silly audit   'react-dnd': [ '16.0.1' ],
375 silly audit   'react-day-picker': [ '8.10.1' ],
375 silly audit   'react-dom': [ '18.3.1' ],
375 silly audit   'react-fast-compare': [ '3.2.2' ],
375 silly audit   'react-popper': [ '2.3.0' ],
375 silly audit   'react-hook-form': [ '7.55.0' ],
375 silly audit   'react-remove-scroll': [ '2.7.2' ],
375 silly audit   'react-dnd-html5-backend': [ '16.0.1' ],
375 silly audit   'react-remove-scroll-bar': [ '2.3.8' ],
375 silly audit   'react-responsive-masonry': [ '2.7.1' ],
375 silly audit   'react-resizable-panels': [ '2.1.7' ],
375 silly audit   'react-slick': [ '0.31.0' ],
375 silly audit   'react-refresh': [ '0.17.0' ],
375 silly audit   'react-style-singleton': [ '2.2.3' ],
375 silly audit   'react-router': [ '7.13.0' ],
375 silly audit   'react-smooth': [ '4.0.4' ],
375 silly audit   redux: [ '4.2.1' ],
375 silly audit   recharts: [ '2.15.2' ],
375 silly audit   'resize-observer-polyfill': [ '1.5.1' ],
375 silly audit   'recharts-scale': [ '0.4.5' ],
375 silly audit   'resolve-from': [ '4.0.0' ],
375 silly audit   'react-transition-group': [ '4.4.5' ],
375 silly audit   resolve: [ '1.22.12' ],
375 silly audit   rollup: [ '4.62.0' ],
375 silly audit   rgbcolor: [ '1.0.1' ],
375 silly audit   scheduler: [ '0.23.2' ],
375 silly audit   'set-cookie-parser': [ '2.7.2' ],
375 silly audit   'stackblur-canvas': [ '2.7.0' ],
375 silly audit   semver: [ '6.3.1' ],
375 silly audit   'source-map': [ '0.5.7' ],
375 silly audit   stylis: [ '4.2.0' ],
375 silly audit   'source-map-js': [ '1.2.1' ],
375 silly audit   'string-convert': [ '0.2.1' ],
375 silly audit   'regenerator-runtime': [ '0.13.11' ],
375 silly audit   'supports-preserve-symlinks-flag': [ '1.0.0' ],
375 silly audit   tailwindcss: [ '4.1.12' ],
375 silly audit   'tailwind-merge': [ '3.2.0' ],
375 silly audit   'svg-pathdata': [ '6.0.3' ],
375 silly audit   sonner: [ '2.0.3' ],
375 silly audit   tapable: [ '2.3.3' ],
375 silly audit   'text-segmentation': [ '1.0.3' ],
375 silly audit   tar: [ '7.5.16' ],
375 silly audit   yallist: [ '5.0.0', '3.1.1' ],
375 silly audit   'tiny-invariant': [ '1.3.3' ],
375 silly audit   tinyglobby: [ '0.2.17' ],
375 silly audit   'tw-animate-css': [ '1.3.8' ],
375 silly audit   tslib: [ '2.8.1' ],
375 silly audit   'use-sidecar': [ '1.1.3' ],
375 silly audit   'use-callback-ref': [ '1.3.3' ],
375 silly audit   'update-browserslist-db': [ '1.2.3' ],
375 silly audit   vaul: [ '1.1.2' ],
375 silly audit   utrie: [ '1.0.2' ],
375 silly audit   vite: [ '6.3.5' ],
375 silly audit   'victory-vendor': [ '36.9.2' ],
375 silly audit   '@babel/compat-data': [ '7.29.7' ],
375 silly audit   warning: [ '4.0.3' ],
375 silly audit   '@babel/code-frame': [ '7.29.7' ],
375 silly audit   '@babel/generator': [ '7.29.7' ],
375 silly audit   '@babel/helper-globals': [ '7.29.7' ],
375 silly audit   '@babel/core': [ '7.29.7' ],
375 silly audit   '@babel/helper-compilation-targets': [ '7.29.7' ],
375 silly audit   '@babel/helper-plugin-utils': [ '7.29.7' ],
375 silly audit   '@babel/helper-module-imports': [ '7.29.7' ],
375 silly audit   '@babel/helper-validator-identifier': [ '7.29.7' ],
375 silly audit   '@babel/helpers': [ '7.29.7' ],
375 silly audit   '@babel/helper-module-transforms': [ '7.29.7' ],
375 silly audit   '@babel/helper-string-parser': [ '7.29.7' ],
375 silly audit   '@babel/plugin-transform-react-jsx-self': [ '7.29.7' ],
375 silly audit   '@babel/parser': [ '7.29.7' ],
375 silly audit   '@babel/helper-validator-option': [ '7.29.7' ],
375 silly audit   '@babel/plugin-transform-react-jsx-source': [ '7.29.7' ],
375 silly audit   '@babel/types': [ '7.29.7' ],
375 silly audit   '@babel/template': [ '7.29.7' ],
375 silly audit   '@babel/runtime': [ '7.29.7' ],
375 silly audit   '@floating-ui/core': [ '1.7.5' ],
375 silly audit   '@floating-ui/react-dom': [ '2.1.8' ],
375 silly audit   '@floating-ui/dom': [ '1.7.6' ],
375 silly audit   '@emotion/hash': [ '0.9.2' ],
375 silly audit   '@emotion/cache': [ '11.14.0' ],
375 silly audit   '@emotion/babel-plugin': [ '11.13.5' ],
375 silly audit   '@babel/traverse': [ '7.29.7' ],
375 silly audit   '@floating-ui/utils': [ '0.2.11' ],
375 silly audit   '@emotion/is-prop-valid': [ '1.4.0' ],
375 silly audit   '@emotion/styled': [ '11.14.1' ],
375 silly audit   '@emotion/serialize': [ '1.3.3' ],
375 silly audit   '@emotion/react': [ '11.14.0' ],
375 silly audit   '@emotion/unitless': [ '0.10.0' ],
375 silly audit   '@emotion/sheet': [ '1.4.0' ],
375 silly audit   '@emotion/use-insertion-effect-with-fallbacks': [ '1.2.0' ],
375 silly audit   '@isaacs/fs-minipass': [ '4.0.1' ],
375 silly audit   '@mui/core-downloads-tracker': [ '7.3.11' ],
375 silly audit   '@emotion/memoize': [ '0.9.0' ],
375 silly audit   '@emotion/weak-memoize': [ '0.4.0' ],
375 silly audit   '@esbuild/win32-x64': [ '0.25.12' ],
375 silly audit   '@popperjs/core': [ '2.11.8' ],
375 silly audit   '@mui/private-theming': [ '7.3.11' ],
375 silly audit   '@emotion/utils': [ '1.4.2' ],
375 silly audit   '@mui/icons-material': [ '7.3.5' ],
375 silly audit   '@mui/material': [ '7.3.5' ],
375 silly audit   '@mui/system': [ '7.3.11' ],
375 silly audit   '@mui/styled-engine': [ '7.3.10' ],
375 silly audit   '@mui/types': [ '7.4.12' ],
375 silly audit   '@radix-ui/number': [ '1.1.0' ],
375 silly audit   '@mui/utils': [ '7.3.11' ],
375 silly audit   '@radix-ui/primitive': [ '1.1.1' ],
375 silly audit   '@radix-ui/react-aspect-ratio': [ '1.1.2' ],
375 silly audit   '@radix-ui/react-accordion': [ '1.2.3' ],
375 silly audit   '@radix-ui/react-arrow': [ '1.1.2' ],
375 silly audit   '@radix-ui/react-collection': [ '1.1.2' ],
375 silly audit   '@radix-ui/react-avatar': [ '1.1.3' ],
375 silly audit   '@radix-ui/react-alert-dialog': [ '1.1.6' ],
375 silly audit   '@radix-ui/react-collapsible': [ '1.1.3' ],
375 silly audit   '@radix-ui/react-compose-refs': [ '1.1.1' ],
375 silly audit   '@radix-ui/react-checkbox': [ '1.1.4' ],
375 silly audit   '@radix-ui/react-dialog': [ '1.1.6' ],
375 silly audit   '@radix-ui/react-context-menu': [ '2.2.6' ],
375 silly audit   '@radix-ui/react-dismissable-layer': [ '1.1.5' ],
375 silly audit   '@radix-ui/react-context': [ '1.1.1' ],
375 silly audit   '@radix-ui/react-focus-guards': [ '1.1.1' ],
375 silly audit   '@radix-ui/react-hover-card': [ '1.1.6' ],
375 silly audit   '@radix-ui/react-dropdown-menu': [ '2.1.6' ],
375 silly audit   '@radix-ui/react-direction': [ '1.1.0' ],
375 silly audit   '@radix-ui/react-menu': [ '2.1.6' ],
375 silly audit   '@radix-ui/react-focus-scope': [ '1.1.2' ],
375 silly audit   '@radix-ui/react-id': [ '1.1.0' ],
375 silly audit   '@radix-ui/react-popper': [ '1.2.2' ],
375 silly audit   '@radix-ui/react-menubar': [ '1.1.6' ],
375 silly audit   '@radix-ui/react-label': [ '2.1.2' ],
375 silly audit   '@radix-ui/react-navigation-menu': [ '1.2.5' ],
375 silly audit   '@radix-ui/react-popover': [ '1.1.6' ],
375 silly audit   '@radix-ui/react-primitive': [ '2.0.2' ],
375 silly audit   '@radix-ui/react-radio-group': [ '1.2.3' ],
375 silly audit   '@radix-ui/react-presence': [ '1.1.2' ],
375 silly audit   '@radix-ui/react-scroll-area': [ '1.2.3' ],
375 silly audit   '@radix-ui/react-portal': [ '1.1.4' ],
375 silly audit   '@radix-ui/react-roving-focus': [ '1.1.2' ],
375 silly audit   '@radix-ui/react-progress': [ '1.1.2' ],
375 silly audit   '@radix-ui/react-select': [ '2.1.6' ],
375 silly audit   '@radix-ui/react-separator': [ '1.1.2' ],
375 silly audit   '@radix-ui/react-slot': [ '1.1.2' ],
375 silly audit   '@radix-ui/react-slider': [ '1.2.3' ],
375 silly audit   '@radix-ui/react-toggle': [ '1.1.2' ],
375 silly audit   '@radix-ui/react-tabs': [ '1.1.3' ],
375 silly audit   '@radix-ui/react-use-callback-ref': [ '1.1.0' ],
375 silly audit   '@radix-ui/react-toggle-group': [ '1.1.2' ],
375 silly audit   '@radix-ui/react-tooltip': [ '1.1.8' ],
375 silly audit   '@radix-ui/react-switch': [ '1.1.3' ],
375 silly audit   '@radix-ui/react-use-rect': [ '1.1.0' ],
375 silly audit   '@radix-ui/react-use-previous': [ '1.1.0' ],
375 silly audit   '@radix-ui/react-use-escape-keydown': [ '1.1.0' ],
375 silly audit   '@radix-ui/react-visually-hidden': [ '1.1.2' ],
375 silly audit   '@radix-ui/react-use-layout-effect': [ '1.1.0' ],
375 silly audit   '@radix-ui/react-use-size': [ '1.1.0' ],
375 silly audit   '@radix-ui/react-use-controllable-state': [ '1.1.0' ],
375 silly audit   '@jridgewell/remapping': [ '2.3.5' ],
375 silly audit   '@jridgewell/gen-mapping': [ '0.3.13' ],
375 silly audit   '@jridgewell/trace-mapping': [ '0.3.31' ],
375 silly audit   '@jridgewell/resolve-uri': [ '3.1.2' ],
375 silly audit   '@react-dnd/invariant': [ '4.0.2' ],
375 silly audit   '@react-dnd/shallowequal': [ '4.0.2' ],
375 silly audit   '@radix-ui/rect': [ '1.1.0' ],
375 silly audit   '@tailwindcss/oxide': [ '4.1.12' ],
375 silly audit   '@rolldown/pluginutils': [ '1.0.0-beta.27' ],
375 silly audit   '@react-dnd/asap': [ '5.0.2' ],
375 silly audit   '@vitejs/plugin-react': [ '4.7.0' ],
375 silly audit   '@jridgewell/sourcemap-codec': [ '1.5.5' ],
375 silly audit   '@tailwindcss/node': [ '4.1.12' ],
375 silly audit   '@tailwindcss/vite': [ '4.1.12' ],
375 silly audit   '@types/babel__generator': [ '7.27.0' ],
375 silly audit   '@types/babel__core': [ '7.20.5' ],
375 silly audit   '@types/babel__template': [ '7.4.4' ],
375 silly audit   '@types/d3-array': [ '3.2.2' ],
375 silly audit   '@tailwindcss/oxide-win32-x64-msvc': [ '4.1.12' ],
375 silly audit   '@types/babel__traverse': [ '7.28.0' ],
375 silly audit   '@types/d3-ease': [ '3.0.2' ],
375 silly audit   '@types/d3-color': [ '3.1.3' ],
375 silly audit   '@types/d3-shape': [ '3.1.8' ],
375 silly audit   '@types/d3-interpolate': [ '3.0.4' ],
375 silly audit   '@types/d3-path': [ '3.1.1' ],
375 silly audit   '@types/d3-time': [ '3.0.4' ],
375 silly audit   '@types/parse-json': [ '4.0.2' ],
375 silly audit   '@types/d3-scale': [ '4.0.9' ],
375 silly audit   '@types/raf': [ '3.4.3' ],
375 silly audit   '@types/d3-timer': [ '3.0.2' ],
375 silly audit   '@types/pako': [ '2.0.4' ],
375 silly audit   '@types/trusted-types': [ '2.0.7' ],
375 silly audit   '@rollup/rollup-win32-x64-gnu': [ '4.62.0' ],
375 silly audit   '@types/estree': [ '1.0.9' ],
375 silly audit   '@types/react-transition-group': [ '4.4.12' ],
375 silly audit   '@rollup/rollup-win32-x64-msvc': [ '4.62.0' ],
375 silly audit   '@types/prop-types': [ '15.7.15' ],
375 silly audit   '@types/react': [ '19.2.17' ],
375 silly audit   '@tailwindcss/oxide-android-arm64': [ '4.1.12' ],
375 silly audit   '@tailwindcss/oxide-darwin-arm64': [ '4.1.12' ],
375 silly audit   '@tailwindcss/oxide-darwin-x64': [ '4.1.12' ],
375 silly audit   '@tailwindcss/oxide-freebsd-x64': [ '4.1.12' ],
375 silly audit   '@tailwindcss/oxide-linux-arm-gnueabihf': [ '4.1.12' ],
375 silly audit   '@tailwindcss/oxide-linux-arm64-gnu': [ '4.1.12' ],
375 silly audit   '@tailwindcss/oxide-linux-arm64-musl': [ '4.1.12' ],
375 silly audit   '@tailwindcss/oxide-linux-x64-gnu': [ '4.1.12' ],
375 silly audit   '@tailwindcss/oxide-linux-x64-musl': [ '4.1.12' ],
375 silly audit   '@tailwindcss/oxide-wasm32-wasi': [ '4.1.12' ],
375 silly audit   '@tailwindcss/oxide-win32-arm64-msvc': [ '4.1.12' ],
375 silly audit   '@esbuild/aix-ppc64': [ '0.25.12' ],
375 silly audit   '@esbuild/android-arm': [ '0.25.12' ],
375 silly audit   '@esbuild/android-arm64': [ '0.25.12' ],
375 silly audit   '@esbuild/android-x64': [ '0.25.12' ],
375 silly audit   '@esbuild/darwin-arm64': [ '0.25.12' ],
375 silly audit   '@esbuild/darwin-x64': [ '0.25.12' ],
375 silly audit   '@esbuild/freebsd-arm64': [ '0.25.12' ],
375 silly audit   '@esbuild/freebsd-x64': [ '0.25.12' ],
375 silly audit   '@esbuild/linux-arm': [ '0.25.12' ],
375 silly audit   '@esbuild/linux-arm64': [ '0.25.12' ],
375 silly audit   '@esbuild/linux-ia32': [ '0.25.12' ],
375 silly audit   '@esbuild/linux-loong64': [ '0.25.12' ],
375 silly audit   '@esbuild/linux-mips64el': [ '0.25.12' ],
375 silly audit   '@esbuild/linux-ppc64': [ '0.25.12' ],
375 silly audit   '@esbuild/linux-riscv64': [ '0.25.12' ],
375 silly audit   '@esbuild/linux-s390x': [ '0.25.12' ],
375 silly audit   '@esbuild/linux-x64': [ '0.25.12' ],
375 silly audit   '@esbuild/netbsd-arm64': [ '0.25.12' ],
375 silly audit   '@esbuild/netbsd-x64': [ '0.25.12' ],
375 silly audit   '@esbuild/openbsd-arm64': [ '0.25.12' ],
375 silly audit   '@esbuild/openbsd-x64': [ '0.25.12' ],
375 silly audit   '@esbuild/openharmony-arm64': [ '0.25.12' ],
375 silly audit   '@esbuild/sunos-x64': [ '0.25.12' ],
375 silly audit   '@esbuild/win32-arm64': [ '0.25.12' ],
375 silly audit   '@esbuild/win32-ia32': [ '0.25.12' ],
375 silly audit   'lightningcss-darwin-arm64': [ '1.30.1' ],
375 silly audit   'lightningcss-darwin-x64': [ '1.30.1' ],
375 silly audit   'lightningcss-freebsd-x64': [ '1.30.1' ],
375 silly audit   'lightningcss-linux-arm-gnueabihf': [ '1.30.1' ],
375 silly audit   'lightningcss-linux-arm64-gnu': [ '1.30.1' ],
375 silly audit   'lightningcss-linux-arm64-musl': [ '1.30.1' ],
375 silly audit   'lightningcss-linux-x64-gnu': [ '1.30.1' ],
375 silly audit   'lightningcss-linux-x64-musl': [ '1.30.1' ],
375 silly audit   'lightningcss-win32-arm64-msvc': [ '1.30.1' ],
375 silly audit   '@rollup/rollup-android-arm-eabi': [ '4.62.0' ],
375 silly audit   '@rollup/rollup-android-arm64': [ '4.62.0' ],
375 silly audit   '@rollup/rollup-darwin-arm64': [ '4.62.0' ],
375 silly audit   '@rollup/rollup-darwin-x64': [ '4.62.0' ],
375 silly audit   '@rollup/rollup-freebsd-arm64': [ '4.62.0' ],
375 silly audit   '@rollup/rollup-freebsd-x64': [ '4.62.0' ],
375 silly audit   '@rollup/rollup-linux-arm-gnueabihf': [ '4.62.0' ],
375 silly audit   '@rollup/rollup-linux-arm-musleabihf': [ '4.62.0' ],
375 silly audit   '@rollup/rollup-linux-arm64-gnu': [ '4.62.0' ],
375 silly audit   '@rollup/rollup-linux-arm64-musl': [ '4.62.0' ],
375 silly audit   '@rollup/rollup-linux-loong64-gnu': [ '4.62.0' ],
375 silly audit   '@rollup/rollup-linux-loong64-musl': [ '4.62.0' ],
375 silly audit   '@rollup/rollup-linux-ppc64-gnu': [ '4.62.0' ],
375 silly audit   '@rollup/rollup-linux-ppc64-musl': [ '4.62.0' ],
375 silly audit   '@rollup/rollup-linux-riscv64-gnu': [ '4.62.0' ],
375 silly audit   '@rollup/rollup-linux-riscv64-musl': [ '4.62.0' ],
375 silly audit   '@rollup/rollup-linux-s390x-gnu': [ '4.62.0' ],
375 silly audit   '@rollup/rollup-linux-x64-gnu': [ '4.62.0' ],
375 silly audit   '@rollup/rollup-linux-x64-musl': [ '4.62.0' ],
375 silly audit   '@rollup/rollup-openbsd-x64': [ '4.62.0' ],
375 silly audit   '@rollup/rollup-openharmony-arm64': [ '4.62.0' ],
375 silly audit   '@rollup/rollup-win32-arm64-msvc': [ '4.62.0' ],
375 silly audit   '@rollup/rollup-win32-ia32-msvc': [ '4.62.0' ],
375 silly audit   fsevents: [ '2.3.3' ]
375 silly audit }
376 silly packumentCache corgi:https://registry.npmjs.org/vite cache-miss
377 silly packumentCache corgi:https://registry.npmjs.org/@babel%2fparser cache-miss
378 silly packumentCache corgi:https://registry.npmjs.org/update-browserslist-db cache-miss
379 silly packumentCache corgi:https://registry.npmjs.org/semver cache-miss
380 silly packumentCache corgi:https://registry.npmjs.org/resolve cache-miss
381 silly packumentCache corgi:https://registry.npmjs.org/rollup cache-miss
382 silly packumentCache corgi:https://registry.npmjs.org/json5 cache-miss
383 silly packumentCache corgi:https://registry.npmjs.org/nanoid cache-miss
384 silly packumentCache corgi:https://registry.npmjs.org/esbuild cache-miss
385 silly packumentCache corgi:https://registry.npmjs.org/loose-envify cache-miss
386 silly packumentCache corgi:https://registry.npmjs.org/jsesc cache-miss
387 silly packumentCache corgi:https://registry.npmjs.org/baseline-browser-mapping cache-miss
388 silly packumentCache corgi:https://registry.npmjs.org/browserslist cache-miss
389 silly packumentCache corgi:https://registry.npmjs.org/jiti cache-miss
390 http cache https://registry.npmjs.org/vite 33ms (cache hit)
391 silly packumentCache corgi:https://registry.npmjs.org/vite set size:2261551 disposed:false
392 http cache https://registry.npmjs.org/esbuild 44ms (cache hit)
393 silly packumentCache corgi:https://registry.npmjs.org/esbuild set size:887361 disposed:false
394 http cache https://registry.npmjs.org/esbuild/-/esbuild-0.25.12.tgz 19ms (cache hit)
395 http cache https://registry.npmjs.org/vite/-/vite-6.3.5.tgz 27ms (cache hit)
396 http fetch GET 200 https://registry.npmjs.org/json5 329ms (cache miss)
397 silly packumentCache corgi:https://registry.npmjs.org/json5 set size:undefined disposed:false
398 http fetch GET 200 https://registry.npmjs.org/jsesc 332ms (cache miss)
399 silly packumentCache corgi:https://registry.npmjs.org/jsesc set size:undefined disposed:false
400 http cache https://registry.npmjs.org/json5/-/json5-2.2.3.tgz 25ms (cache hit)
401 http cache https://registry.npmjs.org/jsesc/-/jsesc-3.1.0.tgz 23ms (cache hit)
402 http fetch GET 200 https://registry.npmjs.org/semver 416ms (cache miss)
403 silly packumentCache corgi:https://registry.npmjs.org/semver set size:undefined disposed:false
404 http cache https://registry.npmjs.org/semver/-/semver-6.3.1.tgz 8ms (cache hit)
405 http fetch GET 200 https://registry.npmjs.org/resolve 502ms (cache miss)
406 silly packumentCache corgi:https://registry.npmjs.org/resolve set size:undefined disposed:false
407 http cache https://registry.npmjs.org/resolve/-/resolve-1.22.12.tgz 11ms (cache hit)
408 http fetch GET 200 https://registry.npmjs.org/jiti 594ms (cache miss)
409 silly packumentCache corgi:https://registry.npmjs.org/jiti set size:undefined disposed:false
410 http fetch GET 200 https://registry.npmjs.org/nanoid 604ms (cache miss)
411 silly packumentCache corgi:https://registry.npmjs.org/nanoid set size:undefined disposed:false
412 http cache https://registry.npmjs.org/jiti/-/jiti-2.7.0.tgz 21ms (cache hit)
413 http cache https://registry.npmjs.org/nanoid/-/nanoid-3.3.12.tgz 22ms (cache hit)
414 http fetch GET 200 https://registry.npmjs.org/baseline-browser-mapping 648ms (cache miss)
415 silly packumentCache corgi:https://registry.npmjs.org/baseline-browser-mapping set size:undefined disposed:false
416 http cache https://registry.npmjs.org/baseline-browser-mapping/-/baseline-browser-mapping-2.10.37.tgz 10ms (cache hit)
417 http fetch GET 200 https://registry.npmjs.org/browserslist 685ms (cache miss)
418 silly packumentCache corgi:https://registry.npmjs.org/browserslist set size:undefined disposed:false
419 http cache https://registry.npmjs.org/browserslist/-/browserslist-4.28.2.tgz 8ms (cache hit)
420 http fetch POST 200 https://registry.npmjs.org/-/npm/v1/security/advisories/bulk 721ms
421 silly audit report {
421 silly audit report   esbuild: [
421 silly audit report     {
421 silly audit report       id: 1120679,
421 silly audit report       url: 'https://github.com/advisories/GHSA-gv7w-rqvm-qjhr',
421 silly audit report       title: 'esbuild: Missing binary integrity verification in Deno module enables remote code execution via NPM_CONFIG_REGISTRY',
421 silly audit report       severity: 'high',
421 silly audit report       vulnerable_versions: '>=0.17.0 <0.28.1',
421 silly audit report       cwe: [Array],
421 silly audit report       cvss: [Object]
421 silly audit report     }
421 silly audit report   ],
421 silly audit report   'react-router': [
421 silly audit report     {
421 silly audit report       id: 1120063,
421 silly audit report       url: 'https://github.com/advisories/GHSA-49rj-9fvp-4h2h',
421 silly audit report       title: "React Router's vendored turbo-stream v2 allows arbitrary constructor invocation via TYPE_ERROR deserialization leading to Unauth RCE",
421 silly audit report       severity: 'high',
421 silly audit report       vulnerable_versions: '>=7.0.0 <=7.14.1',
421 silly audit report       cwe: [Array],
421 silly audit report       cvss: [Object]
421 silly audit report     },
421 silly audit report     {
421 silly audit report       id: 1120065,
421 silly audit report       url: 'https://github.com/advisories/GHSA-2j2x-hqr9-3h42',
421 silly audit report       title: "React Router's same-origin redirect with path starting // causes open redirect via protocol-relative URL reinterpretation",
421 silly audit report       severity: 'moderate',
421 silly audit report       vulnerable_versions: '>=7.0.0 <7.14.1',
421 silly audit report       cwe: [Array],
421 silly audit report       cvss: [Object]
421 silly audit report     },
421 silly audit report     {
421 silly audit report       id: 1120066,
421 silly audit report       url: 'https://github.com/advisories/GHSA-8646-j5j9-6r62',
421 silly audit report       title: 'React Router vulnerable to XSS in unstable RSC redirect handling via javascript: redirect targets',
421 silly audit report       severity: 'high',
421 silly audit report       vulnerable_versions: '>=7.7.0 <7.13.2',
421 silly audit report       cwe: [Array],
421 silly audit report       cvss: [Object]
421 silly audit report     },
421 silly audit report     {
421 silly audit report       id: 1120067,
421 silly audit report       url: 'https://github.com/advisories/GHSA-f22v-gfqf-p8f3',
421 silly audit report       title: 'React Router has stored XSS via unescaped Location header in prerendered redirect HTML',
421 silly audit report       severity: 'moderate',
421 silly audit report       vulnerable_versions: '>=7.5.1 <7.13.2',
421 silly audit report       cwe: [Array],
421 silly audit report       cvss: [Object]
421 silly audit report     },
421 silly audit report     {
421 silly audit report       id: 1120069,
421 silly audit report       url: 'https://github.com/advisories/GHSA-8x6r-g9mw-2r78',
421 silly audit report       title: 'React Router vulnerable to DoS via unbounded path expansion in __manifest endpoint',
421 silly audit report       severity: 'high',
421 silly audit report       vulnerable_versions: '>=7.0.0 <7.15.0',
421 silly audit report       cwe: [Array],
421 silly audit report       cvss: [Object]
421 silly audit report     },
421 silly audit report     {
421 silly audit report       id: 1120081,
421 silly audit report       url: 'https://github.com/advisories/GHSA-rxv8-25v2-qmq8',
421 silly audit report       title: 'React Router vulnerable to Denial of Service via reflected user input in single-fetch',
421 silly audit report       severity: 'high',
421 silly audit report       vulnerable_versions: '>=7.0.0 <7.14.0',
421 silly audit report       cwe: [Array],
421 silly audit report       cvss: [Object]
421 silly audit report     }
421 silly audit report   ],
421 silly audit report   vite: [
421 silly audit report     {
421 silly audit report       id: 1107324,
421 silly audit report       url: 'https://github.com/advisories/GHSA-g4jq-h2w9-997c',
421 silly audit report       title: 'Vite middleware may serve files starting with the same name with the public directory',
421 silly audit report       severity: 'low',
421 silly audit report       vulnerable_versions: '>=6.0.0 <=6.3.5',
421 silly audit report       cwe: [Array],
421 silly audit report       cvss: [Object]
421 silly audit report     },
421 silly audit report     {
421 silly audit report       id: 1107328,
421 silly audit report       url: 'https://github.com/advisories/GHSA-jqfw-vq24-v9c3',
421 silly audit report       title: "Vite's `server.fs` settings were not applied to HTML files",
421 silly audit report       severity: 'low',
421 silly audit report       vulnerable_versions: '>=6.0.0 <=6.3.5',
421 silly audit report       cwe: [Array],
421 silly audit report       cvss: [Object]
421 silly audit report     },
421 silly audit report     {
421 silly audit report       id: 1109135,
421 silly audit report       url: 'https://github.com/advisories/GHSA-93m4-6634-74q7',
421 silly audit report       title: 'vite allows server.fs.deny bypass via backslash on Windows',
421 silly audit report       severity: 'moderate',
421 silly audit report       vulnerable_versions: '>=6.0.0 <=6.4.0',
421 silly audit report       cwe: [Array],
421 silly audit report       cvss: [Object]
421 silly audit report     },
421 silly audit report     {
421 silly audit report       id: 1116229,
421 silly audit report       url: 'https://github.com/advisories/GHSA-4w7w-66w2-5vf9',
421 silly audit report       title: 'Vite Vulnerable to Path Traversal in Optimized Deps `.map` Handling',
421 silly audit report       severity: 'moderate',
421 silly audit report       vulnerable_versions: '<=6.4.1',
421 silly audit report       cwe: [Array],
421 silly audit report       cvss: [Object]
421 silly audit report     },
421 silly audit report     {
421 silly audit report       id: 1116234,
421 silly audit report       url: 'https://github.com/advisories/GHSA-p9ff-h696-f583',
421 silly audit report       title: 'Vite Vulnerable to Arbitrary File Read via Vite Dev Server WebSocket',
421 silly audit report       severity: 'high',
421 silly audit report       vulnerable_versions: '>=6.0.0 <=6.4.1',
421 silly audit report       cwe: [Array],
421 silly audit report       cvss: [Object]
421 silly audit report     }
421 silly audit report   ]
421 silly audit report }
422 silly packumentCache corgi:https://registry.npmjs.org/esbuild cache-hit
423 silly packumentCache corgi:https://registry.npmjs.org/react-router cache-miss
424 silly packumentCache corgi:https://registry.npmjs.org/vite cache-miss
425 http fetch GET 200 https://registry.npmjs.org/@babel%2fparser 736ms (cache miss)
426 silly packumentCache corgi:https://registry.npmjs.org/@babel%2fparser set size:undefined disposed:false
427 http cache https://registry.npmjs.org/react-router 35ms (cache hit)
428 silly packumentCache corgi:https://registry.npmjs.org/react-router set size:1333656 disposed:false
429 http cache https://registry.npmjs.org/vite 83ms (cache hit)
430 silly packumentCache corgi:https://registry.npmjs.org/vite set size:2261551 disposed:false
431 http fetch GET 200 https://registry.npmjs.org/loose-envify 816ms (cache miss)
432 silly packumentCache corgi:https://registry.npmjs.org/loose-envify set size:undefined disposed:false
433 http fetch GET 200 https://registry.npmjs.org/update-browserslist-db 828ms (cache miss)
434 silly packumentCache corgi:https://registry.npmjs.org/update-browserslist-db set size:undefined disposed:false
435 silly packumentCache corgi:https://registry.npmjs.org/@vitejs%2fplugin-react cache-miss
436 silly packumentCache corgi:https://registry.npmjs.org/@tailwindcss%2fvite cache-miss
437 http cache https://registry.npmjs.org/loose-envify/-/loose-envify-1.4.0.tgz 44ms (cache hit)
438 http cache https://registry.npmjs.org/update-browserslist-db/-/update-browserslist-db-1.2.3.tgz 36ms (cache hit)
439 http cache https://registry.npmjs.org/@tailwindcss%2fvite 20ms (cache hit)
440 silly packumentCache corgi:https://registry.npmjs.org/@tailwindcss%2fvite set size:858108 disposed:false
441 http cache https://registry.npmjs.org/@vitejs%2fplugin-react 36ms (cache hit)
442 silly packumentCache corgi:https://registry.npmjs.org/@vitejs%2fplugin-react set size:113751 disposed:false
443 http fetch GET 200 https://registry.npmjs.org/@babel/parser/-/parser-7.29.7.tgz 224ms (cache revalidated)
444 http fetch GET 200 https://registry.npmjs.org/rollup 1391ms (cache miss)
445 silly packumentCache corgi:https://registry.npmjs.org/rollup set size:undefined disposed:false
446 http cache https://registry.npmjs.org/rollup/-/rollup-4.62.0.tgz 20ms (cache hit)
447 info run esbuild@0.25.12 postinstall node_modules/esbuild node install.js
448 info run esbuild@0.25.12 postinstall { code: 0, signal: null }
449 silly CHANGE node_modules/@babel/parser
450 silly REMOVE node_modules/yaml
451 silly CHANGE node_modules/vite
452 silly CHANGE node_modules/update-browserslist-db
453 silly CHANGE node_modules/semver
454 silly CHANGE node_modules/rollup
455 silly CHANGE node_modules/resolve
456 silly CHANGE node_modules/nanoid
457 silly CHANGE node_modules/loose-envify
458 silly CHANGE node_modules/json5
459 silly CHANGE node_modules/jsesc
460 silly CHANGE node_modules/jiti
461 silly CHANGE node_modules/esbuild
462 silly CHANGE node_modules/browserslist
463 silly CHANGE node_modules/baseline-browser-mapping
464 verbose cwd E:\Projects\Portofolio\Game Portfolio of Flamberge
465 verbose os Windows_NT 10.0.26200
466 verbose node v24.13.0
467 verbose npm  v11.6.2
468 verbose exit 0
469 info ok
